2026-07-24 14:09:33,706 [INFO] ============================================================
2026-07-24 14:09:33,706 [INFO] DÉMARRAGE DU SCRAPER Conseil du Gouvernement (cg.gov.ma)
2026-07-24 14:09:33,706 [INFO] Date: 2026-07-24 14:09:33
2026-07-24 14:09:33,706 [INFO] ============================================================
2026-07-24 14:09:33,706 [INFO] Conseils déjà traités: 0
2026-07-24 14:09:33,706 [INFO] Scraping page: https://www.cg.gov.ma/ar/%D9%85%D8%AC%D9%84%D8%B3-%D8%A7%D9%84%D8%AD%D9%83%D9%88%D9%85%D8%A9
2026-07-24 14:09:33,976 [ERROR] Erreur scraping page https://www.cg.gov.ma/ar/%D9%85%D8%AC%D9%84%D8%B3-%D8%A7%D9%84%D8%AD%D9%83%D9%88%D9%85%D8%A9: 403 Client Error: Forbidden for url: https://www.cg.gov.ma/ar/%D9%85%D8%AC%D9%84%D8%B3-%D8%A7%D9%84%D8%AD%D9%83%D9%88%D9%85%D8%A9
2026-07-24 14:09:33,977 [INFO] 
============================================================
2026-07-24 14:09:33,978 [INFO] RÉSUMÉ
2026-07-24 14:09:33,978 [INFO] ============================================================
2026-07-24 14:09:33,978 [INFO] Conseils analysés: 0
2026-07-24 14:09:33,978 [INFO] Nouveaux conseils: 0
2026-07-24 14:09:33,978 [INFO] Total en base: 0
2026-07-24 14:09:35,695 [INFO] Email envoyé à cavalkhalid@gmail.com
2026-07-24 14:09:35,695 [INFO] 
Scraper terminé.
2026-07-24 14:17:39,588 [INFO] ============================================================
2026-07-24 14:17:39,588 [INFO] DÉMARRAGE DU SCRAPER Conseil du Gouvernement (cg.gov.ma)
2026-07-24 14:17:39,588 [INFO] Date: 2026-07-24 14:17:39
2026-07-24 14:17:39,588 [INFO] ============================================================
2026-07-24 14:17:39,588 [INFO] Conseils déjà traités: 0
2026-07-24 14:17:39,588 [INFO] Scraping page: https://www.cg.gov.ma/ar/%D9%85%D8%AC%D9%84%D8%B3-%D8%A7%D9%84%D8%AD%D9%83%D9%88%D9%85%D8%A9
2026-07-24 14:17:39,792 [ERROR] Erreur scraping page https://www.cg.gov.ma/ar/%D9%85%D8%AC%D9%84%D8%B3-%D8%A7%D9%84%D8%AD%D9%83%D9%88%D9%85%D8%A9: 403 Client Error: Forbidden for url: https://www.cg.gov.ma/ar/%D9%85%D8%AC%D9%84%D8%B3-%D8%A7%D9%84%D8%AD%D9%83%D9%88%D9%85%D8%A9
2026-07-24 14:17:39,792 [INFO] 
============================================================
2026-07-24 14:17:39,792 [INFO] RÉSUMÉ
2026-07-24 14:17:39,792 [INFO] ============================================================
2026-07-24 14:17:39,793 [INFO] Conseils analysés: 0
2026-07-24 14:17:39,793 [INFO] Nouveaux conseils: 0
2026-07-24 14:17:39,793 [INFO] Total en base: 0
2026-07-24 14:17:42,036 [INFO] Email envoyé à cavalkhalid@gmail.com
2026-07-24 14:17:42,036 [INFO] 
Scraper terminé.
2026-07-24 14:24:37,821 [INFO] ============================================================
2026-07-24 14:24:37,821 [INFO] DÉMARRAGE DU SCRAPER Conseil du Gouvernement (cg.gov.ma) - Playwright
2026-07-24 14:24:37,821 [INFO] Date: 2026-07-24 14:24:37
2026-07-24 14:24:37,821 [INFO] ============================================================
2026-07-24 14:24:37,821 [INFO] Conseils déjà traités: 0
2026-07-24 14:24:37,821 [INFO] Scraping page with Playwright: https://www.cg.gov.ma/ar/%D9%85%D8%AC%D9%84%D8%B3-%D8%A7%D9%84%D8%AD%D9%83%D9%88%D9%85%D8%A9
2026-07-24 14:25:39,711 [ERROR] Erreur scraping page https://www.cg.gov.ma/ar/%D9%85%D8%AC%D9%84%D8%B3-%D8%A7%D9%84%D8%AD%D9%83%D9%88%D9%85%D8%A9: Page.goto: Timeout 60000ms exceeded.
Call log:
  - navigating to "https://www.cg.gov.ma/ar/%D9%85%D8%AC%D9%84%D8%B3-%D8%A7%D9%84%D8%AD%D9%83%D9%88%D9%85%D8%A9", waiting until "networkidle"

2026-07-24 14:25:39,711 [INFO] 
============================================================
2026-07-24 14:25:39,711 [INFO] RÉSUMÉ
2026-07-24 14:25:39,711 [INFO] ============================================================
2026-07-24 14:25:39,711 [INFO] Conseils analysés: 0
2026-07-24 14:25:39,711 [INFO] Nouveaux conseils: 0
2026-07-24 14:25:39,711 [INFO] Total en base: 0
2026-07-24 14:25:41,017 [INFO] Email envoyé à cavalkhalid@gmail.com
2026-07-24 14:25:41,018 [INFO] 
Scraper terminé.
2026-07-24 14:32:16,217 [INFO] ============================================================
2026-07-24 14:32:16,217 [INFO] DÉMARRAGE DU SCRAPER Conseil du Gouvernement (cg.gov.ma) - Playwright optimisé
2026-07-24 14:32:16,217 [INFO] Date: 2026-07-24 14:32:16
2026-07-24 14:32:16,217 [INFO] ============================================================
2026-07-24 14:32:16,217 [INFO] Conseils déjà traités: 0
2026-07-24 14:32:16,218 [INFO] Scraping page with Playwright: https://www.cg.gov.ma/ar/%D9%85%D8%AC%D9%84%D8%B3-%D8%A7%D9%84%D8%AD%D9%83%D9%88%D9%85%D8%A9
2026-07-24 14:32:17,044 [ERROR] Erreur HTTP 403 pour https://www.cg.gov.ma/ar/%D9%85%D8%AC%D9%84%D8%B3-%D8%A7%D9%84%D8%AD%D9%83%D9%88%D9%85%D8%A9
2026-07-24 14:32:17,113 [INFO] 
============================================================
2026-07-24 14:32:17,114 [INFO] RÉSUMÉ
2026-07-24 14:32:17,114 [INFO] ============================================================
2026-07-24 14:32:17,114 [INFO] Conseils analysés: 0
2026-07-24 14:32:17,114 [INFO] Nouveaux conseils: 0
2026-07-24 14:32:17,114 [INFO] Total en base: 0
2026-07-24 14:32:19,282 [INFO] Email envoyé à cavalkhalid@gmail.com
2026-07-24 14:32:19,282 [INFO] 
Scraper terminé.
2026-07-24 14:48:46,515 [INFO] ============================================================
2026-07-24 14:48:46,515 [INFO] DÉMARRAGE DU SCRAPER Conseil du Gouvernement (cg.gov.ma) - ScrapingBee
2026-07-24 14:48:46,515 [INFO] Date: 2026-07-24 14:48:46
2026-07-24 14:48:46,515 [INFO] ============================================================
2026-07-24 14:48:46,515 [INFO] Conseils déjà traités: 0
2026-07-24 14:48:46,515 [INFO] Scraping avec ScrapingBee: https://www.cg.gov.ma/ar/%D9%85%D8%AC%D9%84%D8%B3-%D8%A7%D9%84%D8%AD%D9%83%D9%88%D9%85%D8%A9
2026-07-24 14:48:55,138 [INFO]   → 0 conseils trouvés sur cette page
2026-07-24 14:48:55,139 [INFO] 
============================================================
2026-07-24 14:48:55,139 [INFO] RÉSUMÉ
2026-07-24 14:48:55,139 [INFO] ============================================================
2026-07-24 14:48:55,139 [INFO] Conseils analysés: 0
2026-07-24 14:48:55,139 [INFO] Nouveaux conseils: 0
2026-07-24 14:48:55,139 [INFO] Total en base: 0
2026-07-24 14:48:56,775 [INFO] Email envoyé à cavalkhalid@gmail.com
2026-07-24 14:48:56,775 [INFO] 
Scraper terminé.
2026-07-24 14:52:16,763 [INFO] ============================================================
2026-07-24 14:52:16,763 [INFO] DÉMARRAGE DU SCRAPER Conseil du Gouvernement (cg.gov.ma) - ScrapingBee
2026-07-24 14:52:16,763 [INFO] Date: 2026-07-24 14:52:16
2026-07-24 14:52:16,763 [INFO] ============================================================
2026-07-24 14:52:16,763 [INFO] Conseils déjà traités: 0
2026-07-24 14:52:16,763 [INFO] Scraping avec ScrapingBee: https://www.cg.gov.ma/ar/%D9%85%D8%AC%D9%84%D8%B3-%D8%A7%D9%84%D8%AD%D9%83%D9%88%D9%85%D8%A9
2026-07-24 14:52:26,630 [INFO]   → 0 conseils trouvés sur cette page
2026-07-24 14:52:26,630 [INFO] 
============================================================
2026-07-24 14:52:26,631 [INFO] RÉSUMÉ
2026-07-24 14:52:26,631 [INFO] ============================================================
2026-07-24 14:52:26,631 [INFO] Conseils analysés: 0
2026-07-24 14:52:26,631 [INFO] Nouveaux conseils: 0
2026-07-24 14:52:26,631 [INFO] Total en base: 0
2026-07-24 14:52:27,636 [INFO] Email envoyé à cavalkhalid@gmail.com
2026-07-24 14:52:27,636 [INFO] 
Scraper terminé.
2026-07-24 14:56:13,081 [INFO] ============================================================
2026-07-24 14:56:13,081 [INFO] DÉMARRAGE DU SCRAPER Conseil du Gouvernement (cg.gov.ma) - Selenium
2026-07-24 14:56:13,081 [INFO] Date: 2026-07-24 14:56:13
2026-07-24 14:56:13,081 [INFO] ============================================================
2026-07-24 14:56:13,081 [INFO] Conseils déjà traités: 0
2026-07-24 14:56:13,082 [INFO] Scraping avec Selenium: https://www.cg.gov.ma/ar/%D9%85%D8%AC%D9%84%D8%B3-%D8%A7%D9%84%D8%AD%D9%83%D9%88%D9%85%D8%A9
2026-07-24 14:56:13,524 [INFO] patching driver executable /home/runner/.local/share/undetected_chromedriver/undetected_chromedriver
2026-07-24 14:56:13,604 [ERROR] Tentative 1/3 échouée pour https://www.cg.gov.ma/ar/%D9%85%D8%AC%D9%84%D8%B3-%D8%A7%D9%84%D8%AD%D9%83%D9%88%D9%85%D8%A9: Message: invalid argument: cannot parse capability: goog:chromeOptions
from invalid argument: unrecognized chrome option: excludeSwitches
Stacktrace:
#0 0x55a176d4575a <unknown>
#1 0x55a1766b8f49 <unknown>
#2 0x55a1766e9250 <unknown>
#3 0x55a1766e5277 <unknown>
#4 0x55a17674163b <unknown>
#5 0x55a176740f9d <unknown>
#6 0x55a176742c57 <unknown>
#7 0x55a176742a2c <unknown>
#8 0x55a176701cb2 <unknown>
#9 0x55a176702b31 <unknown>
#10 0x55a176d0aae0 <unknown>
#11 0x55a176d0915a <unknown>
#12 0x55a176cf3b85 <unknown>
#13 0x55a176d09e1a <unknown>
#14 0x55a176cdba80 <unknown>
#15 0x55a176d31138 <unknown>
#16 0x55a176d312d5 <unknown>
#17 0x55a176d4430e <unknown>
#18 0x7f310c69caa4 <unknown>
#19 0x7f310c729c6c <unknown>

2026-07-24 14:56:18,996 [INFO] patching driver executable /home/runner/.local/share/undetected_chromedriver/undetected_chromedriver
2026-07-24 14:56:19,034 [ERROR] Tentative 2/3 échouée pour https://www.cg.gov.ma/ar/%D9%85%D8%AC%D9%84%D8%B3-%D8%A7%D9%84%D8%AD%D9%83%D9%88%D9%85%D8%A9: Message: invalid argument: cannot parse capability: goog:chromeOptions
from invalid argument: unrecognized chrome option: excludeSwitches
Stacktrace:
#0 0x55bb9beac75a <unknown>
#1 0x55bb9b81ff49 <unknown>
#2 0x55bb9b850250 <unknown>
#3 0x55bb9b84c277 <unknown>
#4 0x55bb9b8a863b <unknown>
#5 0x55bb9b8a7f9d <unknown>
#6 0x55bb9b8a9c57 <unknown>
#7 0x55bb9b8a9a2c <unknown>
#8 0x55bb9b868cb2 <unknown>
#9 0x55bb9b869b31 <unknown>
#10 0x55bb9be71ae0 <unknown>
#11 0x55bb9be7015a <unknown>
#12 0x55bb9be5ab85 <unknown>
#13 0x55bb9be70e1a <unknown>
#14 0x55bb9be42a80 <unknown>
#15 0x55bb9be98138 <unknown>
#16 0x55bb9be982d5 <unknown>
#17 0x55bb9beab30e <unknown>
#18 0x7fa627e9caa4 <unknown>
#19 0x7fa627f29c6c <unknown>

2026-07-24 14:56:24,380 [INFO] patching driver executable /home/runner/.local/share/undetected_chromedriver/undetected_chromedriver
2026-07-24 14:56:24,419 [ERROR] Tentative 3/3 échouée pour https://www.cg.gov.ma/ar/%D9%85%D8%AC%D9%84%D8%B3-%D8%A7%D9%84%D8%AD%D9%83%D9%88%D9%85%D8%A9: Message: invalid argument: cannot parse capability: goog:chromeOptions
from invalid argument: unrecognized chrome option: excludeSwitches
Stacktrace:
#0 0x562173c0775a <unknown>
#1 0x56217357af49 <unknown>
#2 0x5621735ab250 <unknown>
#3 0x5621735a7277 <unknown>
#4 0x56217360363b <unknown>
#5 0x562173602f9d <unknown>
#6 0x562173604c57 <unknown>
#7 0x562173604a2c <unknown>
#8 0x5621735c3cb2 <unknown>
#9 0x5621735c4b31 <unknown>
#10 0x562173bccae0 <unknown>
#11 0x562173bcb15a <unknown>
#12 0x562173bb5b85 <unknown>
#13 0x562173bcbe1a <unknown>
#14 0x562173b9da80 <unknown>
#15 0x562173bf3138 <unknown>
#16 0x562173bf32d5 <unknown>
#17 0x562173c0630e <unknown>
#18 0x7f4e26a9caa4 <unknown>
#19 0x7f4e26b29c6c <unknown>

2026-07-24 14:56:29,420 [INFO] 
============================================================
2026-07-24 14:56:29,420 [INFO] RÉSUMÉ
2026-07-24 14:56:29,420 [INFO] ============================================================
2026-07-24 14:56:29,420 [INFO] Conseils analysés: 0
2026-07-24 14:56:29,420 [INFO] Nouveaux conseils: 0
2026-07-24 14:56:29,420 [INFO] Total en base: 0
2026-07-24 14:56:30,949 [INFO] Email envoyé à cavalkhalid@gmail.com
2026-07-24 14:56:30,949 [INFO] 
Scraper terminé.
