2026-07-21 14:35:59,151 [INFO] ============================================================
2026-07-21 14:35:59,151 [INFO] DÉMARRAGE DU SCRAPER emploi-public.ma
2026-07-21 14:35:59,151 [INFO] Date: 2026-07-21 14:35:59
2026-07-21 14:35:59,151 [INFO] ============================================================
2026-07-21 14:35:59,151 [INFO] Annonces déjà traitées: 0
2026-07-21 14:35:59,152 [INFO] 
--- Catégorie: مناصب المسؤولية ---
2026-07-21 14:35:59,152 [INFO] Page 1/3
2026-07-21 14:35:59,152 [INFO] Scraping page: https://www.emploi-public.ma/ar/قائمة-مناصب-المسؤولية
2026-07-21 14:36:00,410 [INFO]   → 13 annonces trouvées sur cette page
2026-07-21 14:36:00,410 [INFO]   Détails: https://www.emploi-public.ma/ar/%D8%AA%D9%81%D8%A7%D8%B5%D9%8A%D9%84/%D9%85%D9%86%D8%A7%D8%B5%D8%A8-%D8%A7%D9%84%D9%85%D8%B3%D8%A4%D9%88%D9%84%D9%8A%D8%A9/a35f3c8e-0667-423a-a54c-978dbf200428
2026-07-21 14:36:01,820 [INFO]   [EXPIRÉE] لائحة الناجحين في مناصب المسؤولية ب وزارة التجهيز والماءوزار... → 2026-07-08
2026-07-21 14:36:01,820 [INFO]   Détails: https://www.emploi-public.ma/ar/%D8%AA%D9%81%D8%A7%D8%B5%D9%8A%D9%84/%D9%85%D9%86%D8%A7%D8%B5%D8%A8-%D8%A7%D9%84%D9%85%D8%B3%D8%A4%D9%88%D9%84%D9%8A%D8%A9/c570c40b-7e53-4d54-ba1a-13f0893e857c
2026-07-21 14:36:02,965 [INFO]   [EN COURS] فتح باب الترشيح ل مناصب المسؤولية ب المجلس الوطني لحقوق الإن... → 2026-08-10
2026-07-21 14:36:02,965 [INFO]     → Pas de PDF trouvé
2026-07-21 14:36:02,965 [INFO]   Détails: https://www.emploi-public.ma/ar/%D8%AA%D9%81%D8%A7%D8%B5%D9%8A%D9%84/%D9%85%D9%86%D8%A7%D8%B5%D8%A8-%D8%A7%D9%84%D9%85%D8%B3%D8%A4%D9%88%D9%84%D9%8A%D8%A9/1bdf85ad-c948-4784-b473-af98b5a2bdc4
2026-07-21 14:36:04,343 [INFO]   [EXPIRÉE] لائحة المدعوين لاجتياز اختبار الترشيح ل مناصب المسؤولية ب ال... → 2026-05-25
2026-07-21 14:36:04,343 [INFO]   Détails: https://www.emploi-public.ma/ar/%D8%AA%D9%81%D8%A7%D8%B5%D9%8A%D9%84/%D9%85%D9%86%D8%A7%D8%B5%D8%A8-%D8%A7%D9%84%D9%85%D8%B3%D8%A4%D9%88%D9%84%D9%8A%D8%A9/b2591536-0a21-45a1-8b3f-43030a0c8988
2026-07-21 14:36:05,708 [INFO]   [EXPIRÉE] لائحة الناجحين في مناصب المسؤولية ب وزارة التجهيز والماءوزار... → 2026-07-08
2026-07-21 14:36:05,708 [INFO]   Détails: https://www.emploi-public.ma/ar/%D8%AA%D9%81%D8%A7%D8%B5%D9%8A%D9%84/%D9%85%D9%86%D8%A7%D8%B5%D8%A8-%D8%A7%D9%84%D9%85%D8%B3%D8%A4%D9%88%D9%84%D9%8A%D8%A9/c4f5cb55-ee66-4bf2-b1f2-cf71a2c23130
2026-07-21 14:36:06,996 [INFO]   [EXPIRÉE] لائحة الناجحين في مناصب المسؤولية ب وزارة الداخلية -عمالة مر... → 2026-03-27
2026-07-21 14:36:06,996 [INFO]   Détails: https://www.emploi-public.ma/ar/%D8%AA%D9%81%D8%A7%D8%B5%D9%8A%D9%84/%D9%85%D9%86%D8%A7%D8%B5%D8%A8-%D8%A7%D9%84%D9%85%D8%B3%D8%A4%D9%88%D9%84%D9%8A%D8%A9/22705a8c-da33-4075-8bf0-5ed6d7154128
2026-07-21 14:36:08,116 [INFO]   [EN COURS] فتح باب الترشيح ل مناصب المسؤولية ب المندوبية العامة لإدارة ... → 2026-08-17
2026-07-21 14:36:08,116 [INFO]     → Pas de PDF trouvé
2026-07-21 14:36:08,116 [INFO]   Détails: https://www.emploi-public.ma/ar/%D8%AA%D9%81%D8%A7%D8%B5%D9%8A%D9%84/%D9%85%D9%86%D8%A7%D8%B5%D8%A8-%D8%A7%D9%84%D9%85%D8%B3%D8%A4%D9%88%D9%84%D9%8A%D8%A9/e774ca4d-81dc-42d4-8139-14553b32118f
2026-07-21 14:36:09,227 [INFO]   [EN COURS] فتح باب الترشيح ل مناصب المسؤولية ب وزارة الشباب والثقافة وا... → 2026-08-04
2026-07-21 14:36:09,227 [INFO]     → Pas de PDF trouvé
2026-07-21 14:36:09,228 [INFO]   Détails: https://www.emploi-public.ma/ar/%D8%AA%D9%81%D8%A7%D8%B5%D9%8A%D9%84/%D9%85%D9%86%D8%A7%D8%B5%D8%A8-%D8%A7%D9%84%D9%85%D8%B3%D8%A4%D9%88%D9%84%D9%8A%D8%A9/f80e03a8-5337-47bc-891d-cd3da5e49bfb
2026-07-21 14:36:11,641 [INFO]   [EXPIRÉE] فتح باب الترشيح ل مناصب المسؤولية ب وزارة الداخلية - عمالة ا... → 2026-07-20
2026-07-21 14:36:11,641 [INFO]   Détails: https://www.emploi-public.ma/ar/%D8%AA%D9%81%D8%A7%D8%B5%D9%8A%D9%84/%D9%85%D9%86%D8%A7%D8%B5%D8%A8-%D8%A7%D9%84%D9%85%D8%B3%D8%A4%D9%88%D9%84%D9%8A%D8%A9/5d665ecc-2ba0-419a-81e1-a402431adc16
2026-07-21 14:36:12,710 [INFO]   [EN COURS] فتح باب الترشيح ل مناصب المسؤولية ب وزارة الشباب والثقافة وا... → 2026-08-03
2026-07-21 14:36:12,710 [INFO]     → Pas de PDF trouvé
2026-07-21 14:36:12,710 [INFO]   Détails: https://www.emploi-public.ma/ar/%D8%AA%D9%81%D8%A7%D8%B5%D9%8A%D9%84/%D9%85%D9%86%D8%A7%D8%B5%D8%A8-%D8%A7%D9%84%D9%85%D8%B3%D8%A4%D9%88%D9%84%D9%8A%D8%A9/d009480c-71a6-41f0-bc4c-2b019d70a27f
2026-07-21 14:36:13,686 [INFO]   [EN COURS] رئيس قسم الملاحة الجوية بمطار وجدة أنجادالمكتب الوطني للمطار... → 2026-07-22
2026-07-21 14:36:13,687 [INFO]     → Pas de PDF trouvé
2026-07-21 14:36:13,687 [INFO]   Détails: https://www.emploi-public.ma/ar/%D8%AA%D9%81%D8%A7%D8%B5%D9%8A%D9%84/%D9%85%D9%86%D8%A7%D8%B5%D8%A8-%D8%A7%D9%84%D9%85%D8%B3%D8%A4%D9%88%D9%84%D9%8A%D8%A9/29d81367-f52a-409e-892d-e1baaff34479
2026-07-21 14:36:15,762 [INFO]   [EN COURS] رئيس قسم الملاحة الجوية بمطار طنجة ابن بطوطةالمكتب الوطني لل... → 2026-07-22
2026-07-21 14:36:15,763 [INFO]     → Pas de PDF trouvé
2026-07-21 14:36:15,763 [INFO]   Détails: https://www.emploi-public.ma/ar/%D8%AA%D9%81%D8%A7%D8%B5%D9%8A%D9%84/%D9%85%D9%86%D8%A7%D8%B5%D8%A8-%D8%A7%D9%84%D9%85%D8%B3%D8%A4%D9%88%D9%84%D9%8A%D8%A9/af5851aa-a314-4090-8ebd-37dd73d202a7
2026-07-21 14:36:16,931 [INFO]   [EN COURS] رئيس قسم الغرفة التقنية لمركز مراقبة المنطقة بأكادير بقطب ال... → 2026-07-22
2026-07-21 14:36:16,931 [INFO]     → Pas de PDF trouvé
2026-07-21 14:36:16,931 [INFO]   Détails: https://www.emploi-public.ma/ar/%D8%AA%D9%81%D8%A7%D8%B5%D9%8A%D9%84/%D9%85%D9%86%D8%A7%D8%B5%D8%A8-%D8%A7%D9%84%D9%85%D8%B3%D8%A4%D9%88%D9%84%D9%8A%D8%A9/c634b29a-0dd6-40c1-9603-491b02375c83
2026-07-21 14:36:17,941 [INFO]   [EN COURS] رئيس قسم التدريب لمركز مراقبة المنطقة بأكادير  بقطب الملاحة ... → 2026-07-22
2026-07-21 14:36:17,941 [INFO]     → Pas de PDF trouvé
2026-07-21 14:36:17,941 [INFO] Page 2/3
2026-07-21 14:36:17,941 [INFO] Scraping page: https://www.emploi-public.ma/ar/قائمة-مناصب-المسؤولية?page=1
2026-07-21 14:36:20,782 [INFO]   → 13 annonces trouvées sur cette page
2026-07-21 14:36:20,783 [INFO]   [DÉJÀ VU] لائحة الناجحين في مناصب المسؤولية ب وزارة التجهيز والماءوزار...
2026-07-21 14:36:20,784 [INFO]   [DÉJÀ VU] فتح باب الترشيح ل مناصب المسؤولية ب المجلس الوطني لحقوق الإن...
2026-07-21 14:36:20,784 [INFO]   [DÉJÀ VU] لائحة المدعوين لاجتياز اختبار الترشيح ل مناصب المسؤولية ب ال...
2026-07-21 14:36:20,784 [INFO]   [DÉJÀ VU] لائحة الناجحين في مناصب المسؤولية ب وزارة التجهيز والماءوزار...
2026-07-21 14:36:20,784 [INFO]   [DÉJÀ VU] لائحة الناجحين في مناصب المسؤولية ب وزارة الداخلية -عمالة مر...
2026-07-21 14:36:20,784 [INFO]   [DÉJÀ VU] فتح باب الترشيح ل مناصب المسؤولية ب المندوبية العامة لإدارة ...
2026-07-21 14:36:20,784 [INFO]   [DÉJÀ VU] فتح باب الترشيح ل مناصب المسؤولية ب وزارة الشباب والثقافة وا...
2026-07-21 14:36:20,784 [INFO]   [DÉJÀ VU] فتح باب الترشيح ل مناصب المسؤولية ب وزارة الداخلية - عمالة ا...
2026-07-21 14:36:20,784 [INFO]   [DÉJÀ VU] فتح باب الترشيح ل مناصب المسؤولية ب وزارة الشباب والثقافة وا...
2026-07-21 14:36:20,784 [INFO]   [DÉJÀ VU] رئيس قسم الملاحة الجوية بمطار وجدة أنجادالمكتب الوطني للمطار...
2026-07-21 14:36:20,784 [INFO]   [DÉJÀ VU] رئيس قسم الملاحة الجوية بمطار طنجة ابن بطوطةالمكتب الوطني لل...
2026-07-21 14:36:20,784 [INFO]   [DÉJÀ VU] رئيس قسم الغرفة التقنية لمركز مراقبة المنطقة بأكادير بقطب ال...
2026-07-21 14:36:20,784 [INFO]   [DÉJÀ VU] رئيس قسم التدريب لمركز مراقبة المنطقة بأكادير  بقطب الملاحة ...
2026-07-21 14:36:20,784 [INFO] Page 3/3
2026-07-21 14:36:20,784 [INFO] Scraping page: https://www.emploi-public.ma/ar/قائمة-مناصب-المسؤولية?page=2
2026-07-21 14:36:21,903 [INFO]   → 13 annonces trouvées sur cette page
2026-07-21 14:36:21,904 [INFO]   Détails: https://www.emploi-public.ma/ar/%D8%AA%D9%81%D8%A7%D8%B5%D9%8A%D9%84/%D9%85%D9%86%D8%A7%D8%B5%D8%A8-%D8%A7%D9%84%D9%85%D8%B3%D8%A4%D9%88%D9%84%D9%8A%D8%A9/f6181909-9d0e-4bf9-aa98-7c5bb916b755
2026-07-21 14:36:24,056 [INFO]   [EN COURS] فتح باب الترشيح ل مناصب المسؤولية ب وزارة الشباب والثقافة وا... → 2026-08-03
2026-07-21 14:36:24,056 [INFO]     → Pas de PDF trouvé
2026-07-21 14:36:24,056 [INFO]   Détails: https://www.emploi-public.ma/ar/%D8%AA%D9%81%D8%A7%D8%B5%D9%8A%D9%84/%D9%85%D9%86%D8%A7%D8%B5%D8%A8-%D8%A7%D9%84%D9%85%D8%B3%D8%A4%D9%88%D9%84%D9%8A%D8%A9/33fadd95-e7a3-48e9-9532-58ab3fef908c
2026-07-21 14:36:28,855 [INFO]   [EN COURS] فتح باب الترشيح ل مناصب المسؤولية ب وزارة الشباب والثقافة وا... → 2026-08-03
2026-07-21 14:36:28,855 [INFO]     → Pas de PDF trouvé
2026-07-21 14:36:28,855 [INFO]   Détails: https://www.emploi-public.ma/ar/%D8%AA%D9%81%D8%A7%D8%B5%D9%8A%D9%84/%D9%85%D9%86%D8%A7%D8%B5%D8%A8-%D8%A7%D9%84%D9%85%D8%B3%D8%A4%D9%88%D9%84%D9%8A%D8%A9/17642040-c2de-4150-bf47-0523cb6a6615
2026-07-21 14:36:31,048 [INFO]   [EN COURS] فتح باب الترشيح ل مناصب المسؤولية ب وزارة الشباب والثقافة وا... → 2026-08-03
2026-07-21 14:36:31,048 [INFO]     → Pas de PDF trouvé
2026-07-21 14:36:31,048 [INFO]   Détails: https://www.emploi-public.ma/ar/%D8%AA%D9%81%D8%A7%D8%B5%D9%8A%D9%84/%D9%85%D9%86%D8%A7%D8%B5%D8%A8-%D8%A7%D9%84%D9%85%D8%B3%D8%A4%D9%88%D9%84%D9%8A%D8%A9/f8baf400-d3be-464c-a9cd-a75fc5d8a8bc
2026-07-21 14:36:34,532 [INFO]   [EN COURS] فتح باب الترشيح ل مناصب المسؤولية ب وزارة الشباب والثقافة وا... → 2026-08-03
2026-07-21 14:36:34,532 [INFO]     → Pas de PDF trouvé
2026-07-21 14:36:34,532 [INFO]   Détails: https://www.emploi-public.ma/ar/%D8%AA%D9%81%D8%A7%D8%B5%D9%8A%D9%84/%D9%85%D9%86%D8%A7%D8%B5%D8%A8-%D8%A7%D9%84%D9%85%D8%B3%D8%A4%D9%88%D9%84%D9%8A%D8%A9/8191a001-182e-490c-a582-5cf834f5eeb7
2026-07-21 14:36:41,756 [INFO]   [EXPIRÉE] لائحة المدعوين لاجتياز اختبار الترشيح ل مناصب المسؤولية ب وز... → 2026-05-18
2026-07-21 14:36:41,756 [INFO]   Détails: https://www.emploi-public.ma/ar/%D8%AA%D9%81%D8%A7%D8%B5%D9%8A%D9%84/%D9%85%D9%86%D8%A7%D8%B5%D8%A8-%D8%A7%D9%84%D9%85%D8%B3%D8%A4%D9%88%D9%84%D9%8A%D8%A9/a2d8ded6-f6da-4802-aa9c-5d77f0e0e766
2026-07-21 14:36:43,489 [INFO]   [EN COURS] فتح باب الترشيح ل مناصب المسؤولية ب وزارة الاقتصاد والماليةو... → 2026-08-04
2026-07-21 14:36:43,490 [INFO]     → Pas de PDF trouvé
2026-07-21 14:36:43,490 [INFO]   Détails: https://www.emploi-public.ma/ar/%D8%AA%D9%81%D8%A7%D8%B5%D9%8A%D9%84/%D9%85%D9%86%D8%A7%D8%B5%D8%A8-%D8%A7%D9%84%D9%85%D8%B3%D8%A4%D9%88%D9%84%D9%8A%D8%A9/9627a9bd-e2a2-49f4-87d0-21bbe0f298a6
2026-07-21 14:36:46,043 [INFO]   [EXPIRÉE] فتح باب الترشيح ل مناصب المسؤولية ب وزارة الداخلية -عمالة إق... → 2026-07-17
2026-07-21 14:36:46,043 [INFO]   Détails: https://www.emploi-public.ma/ar/%D8%AA%D9%81%D8%A7%D8%B5%D9%8A%D9%84/%D9%85%D9%86%D8%A7%D8%B5%D8%A8-%D8%A7%D9%84%D9%85%D8%B3%D8%A4%D9%88%D9%84%D9%8A%D8%A9/5f889aec-aea1-4bcd-92d5-5b798b207e69
2026-07-21 14:36:47,542 [INFO]   [EXPIRÉE] لائحة المدعوين لاجتياز اختبار الترشيح ل مناصب المسؤولية ب ال... → 2026-07-10
2026-07-21 14:36:47,542 [INFO]   Détails: https://www.emploi-public.ma/ar/%D8%AA%D9%81%D8%A7%D8%B5%D9%8A%D9%84/%D9%85%D9%86%D8%A7%D8%B5%D8%A8-%D8%A7%D9%84%D9%85%D8%B3%D8%A4%D9%88%D9%84%D9%8A%D8%A9/2901b05e-8b4e-4745-b87d-a8cf158f579f
2026-07-21 14:36:49,136 [INFO]   [EN COURS] فتح باب الترشيح ل مناصب المسؤولية ب وزارة التجهيز والماءوزار... → 2026-07-23
2026-07-21 14:36:49,136 [INFO]     → Pas de PDF trouvé
2026-07-21 14:36:49,136 [INFO]   [DÉJÀ VU] رئيس قسم الملاحة الجوية بمطار وجدة أنجادالمكتب الوطني للمطار...
2026-07-21 14:36:49,136 [INFO]   [DÉJÀ VU] رئيس قسم الملاحة الجوية بمطار طنجة ابن بطوطةالمكتب الوطني لل...
2026-07-21 14:36:49,136 [INFO]   [DÉJÀ VU] رئيس قسم الغرفة التقنية لمركز مراقبة المنطقة بأكادير بقطب ال...
2026-07-21 14:36:49,136 [INFO]   [DÉJÀ VU] رئيس قسم التدريب لمركز مراقبة المنطقة بأكادير  بقطب الملاحة ...
2026-07-21 14:36:49,136 [INFO] 
--- Catégorie: المناصب العليا ---
2026-07-21 14:36:49,136 [INFO] Page 1/3
2026-07-21 14:36:49,136 [INFO] Scraping page: https://www.emploi-public.ma/ar/قائمة-المناصب-العليا
2026-07-21 14:36:51,249 [INFO]   → 9 annonces trouvées sur cette page
2026-07-21 14:36:51,250 [INFO]   Détails: https://www.emploi-public.ma/ar/%D8%AA%D9%81%D8%A7%D8%B5%D9%8A%D9%84/%D8%A7%D9%84%D9%85%D9%86%D8%A7%D8%B5%D8%A8-%D8%A7%D9%84%D8%B9%D9%84%D9%8A%D8%A7/d75f25b8-e1b6-4bba-9bf2-9bcc6a5e913c
2026-07-21 14:36:56,528 [INFO]   [EN COURS] فتح باب الترشيح للمناصب العليا مدير الانظمة والدراسات التاري... → 2026-07-21
2026-07-21 14:36:56,528 [INFO]     → Pas de PDF trouvé
2026-07-21 14:36:56,528 [INFO]   Détails: https://www.emploi-public.ma/ar/%D8%AA%D9%81%D8%A7%D8%B5%D9%8A%D9%84/%D8%A7%D9%84%D9%85%D9%86%D8%A7%D8%B5%D8%A8-%D8%A7%D9%84%D8%B9%D9%84%D9%8A%D8%A7/2c16f418-dd0f-4bb2-b66e-f926057114f9
2026-07-21 14:37:01,788 [INFO]   [EN COURS] فتح باب الترشيح للمناصب العليا مدير الشبابوزارة الشباب والثق... → 2026-07-27
2026-07-21 14:37:01,788 [INFO]     → Pas de PDF trouvé
2026-07-21 14:37:01,788 [INFO]   Détails: https://www.emploi-public.ma/ar/%D8%AA%D9%81%D8%A7%D8%B5%D9%8A%D9%84/%D8%A7%D9%84%D9%85%D9%86%D8%A7%D8%B5%D8%A8-%D8%A7%D9%84%D8%B9%D9%84%D9%8A%D8%A7/43fe4445-da66-401e-a3c4-2562a221a332
2026-07-21 14:37:02,849 [INFO]   [EN COURS] فتح باب الترشيح للمناصب العليا مدير مؤسسة النهوض بالأعمال ال... → 2026-07-27
2026-07-21 14:37:02,849 [INFO]     → Pas de PDF trouvé
2026-07-21 14:37:02,849 [INFO]   Détails: https://www.emploi-public.ma/ar/%D8%AA%D9%81%D8%A7%D8%B5%D9%8A%D9%84/%D8%A7%D9%84%D9%85%D9%86%D8%A7%D8%B5%D8%A8-%D8%A7%D9%84%D8%B9%D9%84%D9%8A%D8%A7/4d6a3c99-2658-4cfd-99b5-bc5c012c8e55
2026-07-21 14:37:03,723 [INFO]   [EXPIRÉE] فتح باب الترشيح للمناصب العليا مدير(ة) المركز الوطني للامتحا... → 2026-07-17
2026-07-21 14:37:03,724 [INFO]   Détails: https://www.emploi-public.ma/ar/%D8%AA%D9%81%D8%A7%D8%B5%D9%8A%D9%84/%D8%A7%D9%84%D9%85%D9%86%D8%A7%D8%B5%D8%A8-%D8%A7%D9%84%D8%B9%D9%84%D9%8A%D8%A7/803881f5-f7fa-4f8f-b2cd-d6b1566b7fe5
2026-07-21 14:37:09,788 [INFO]   [EN COURS] فتح باب الترشيح للمناصب العليا مدير المعهد العالي للدراسات ا... → 2026-07-28
2026-07-21 14:37:09,789 [INFO]     → Pas de PDF trouvé
2026-07-21 14:37:09,789 [INFO]   Détails: https://www.emploi-public.ma/ar/%D8%AA%D9%81%D8%A7%D8%B5%D9%8A%D9%84/%D8%A7%D9%84%D9%85%D9%86%D8%A7%D8%B5%D8%A8-%D8%A7%D9%84%D8%B9%D9%84%D9%8A%D8%A7/d5445636-5a56-491e-9305-8cd418b361f8
2026-07-21 14:37:10,816 [INFO]   [EXPIRÉE] فتح باب الترشيح للمناصب العليا مدير إعداد التراب الوطنيوزارة... → 2026-07-13
2026-07-21 14:37:10,816 [INFO]   Détails: https://www.emploi-public.ma/ar/%D8%AA%D9%81%D8%A7%D8%B5%D9%8A%D9%84/%D8%A7%D9%84%D9%85%D9%86%D8%A7%D8%B5%D8%A8-%D8%A7%D9%84%D8%B9%D9%84%D9%8A%D8%A7/a19c981f-5e73-4699-978a-3c26f387e76d
2026-07-21 14:37:12,261 [INFO]   [EXPIRÉE] فتح باب الترشيح للمناصب العليا مدير الوكالة الحضرية للحسيمةو... → 2026-07-13
2026-07-21 14:37:12,262 [INFO]   Détails: https://www.emploi-public.ma/ar/%D8%AA%D9%81%D8%A7%D8%B5%D9%8A%D9%84/%D8%A7%D9%84%D9%85%D9%86%D8%A7%D8%B5%D8%A8-%D8%A7%D9%84%D8%B9%D9%84%D9%8A%D8%A7/c3eed04a-67b9-4ceb-b4c3-b32e0273c191
2026-07-21 14:37:13,604 [INFO]   [EXPIRÉE] فتح باب الترشيح للمناصب العليا مدير الوكالة الحضرية للعرائشو... → 2026-07-13
2026-07-21 14:37:13,605 [INFO]   Détails: https://www.emploi-public.ma/ar/%D8%AA%D9%81%D8%A7%D8%B5%D9%8A%D9%84/%D8%A7%D9%84%D9%85%D9%86%D8%A7%D8%B5%D8%A8-%D8%A7%D9%84%D8%B9%D9%84%D9%8A%D8%A7/6bbca177-c943-4200-991d-4945c7de6c3e
2026-07-21 14:37:14,547 [INFO]   [EXPIRÉE] فتح باب الترشيح للمناصب العليا مدير(ة) الشؤون العامةوزارة ال... → 2026-07-03
2026-07-21 14:37:14,547 [INFO] Page 2/3
2026-07-21 14:37:14,547 [INFO] Scraping page: https://www.emploi-public.ma/ar/قائمة-المناصب-العليا?page=1
2026-07-21 14:37:15,645 [INFO]   → 9 annonces trouvées sur cette page
2026-07-21 14:37:15,646 [INFO]   [DÉJÀ VU] فتح باب الترشيح للمناصب العليا مدير الانظمة والدراسات التاري...
2026-07-21 14:37:15,646 [INFO]   [DÉJÀ VU] فتح باب الترشيح للمناصب العليا مدير الشبابوزارة الشباب والثق...
2026-07-21 14:37:15,646 [INFO]   [DÉJÀ VU] فتح باب الترشيح للمناصب العليا مدير مؤسسة النهوض بالأعمال ال...
2026-07-21 14:37:15,646 [INFO]   [DÉJÀ VU] فتح باب الترشيح للمناصب العليا مدير(ة) المركز الوطني للامتحا...
2026-07-21 14:37:15,646 [INFO]   [DÉJÀ VU] فتح باب الترشيح للمناصب العليا مدير المعهد العالي للدراسات ا...
2026-07-21 14:37:15,646 [INFO]   [DÉJÀ VU] فتح باب الترشيح للمناصب العليا مدير إعداد التراب الوطنيوزارة...
2026-07-21 14:37:15,646 [INFO]   [DÉJÀ VU] فتح باب الترشيح للمناصب العليا مدير الوكالة الحضرية للحسيمةو...
2026-07-21 14:37:15,646 [INFO]   [DÉJÀ VU] فتح باب الترشيح للمناصب العليا مدير الوكالة الحضرية للعرائشو...
2026-07-21 14:37:15,646 [INFO]   [DÉJÀ VU] فتح باب الترشيح للمناصب العليا مدير(ة) الشؤون العامةوزارة ال...
2026-07-21 14:37:15,646 [INFO] Page 3/3
2026-07-21 14:37:15,647 [INFO] Scraping page: https://www.emploi-public.ma/ar/قائمة-المناصب-العليا?page=2
2026-07-21 14:37:16,823 [INFO]   → 12 annonces trouvées sur cette page
2026-07-21 14:37:16,824 [INFO]   Détails: https://www.emploi-public.ma/ar/%D8%AA%D9%81%D8%A7%D8%B5%D9%8A%D9%84/%D8%A7%D9%84%D9%85%D9%86%D8%A7%D8%B5%D8%A8-%D8%A7%D9%84%D8%B9%D9%84%D9%8A%D8%A7/971391f4-c3ed-4054-b39a-d498fdbfba4b
2026-07-21 14:37:18,949 [INFO]   [EXPIRÉE] فتح باب الترشيح للمناصب العليا مدير(ة) المعهد الملكي لتكوين ... → 2026-07-03
2026-07-21 14:37:18,949 [INFO]   Détails: https://www.emploi-public.ma/ar/%D8%AA%D9%81%D8%A7%D8%B5%D9%8A%D9%84/%D8%A7%D9%84%D9%85%D9%86%D8%A7%D8%B5%D8%A8-%D8%A7%D9%84%D8%B9%D9%84%D9%8A%D8%A7/1afa70c8-a02b-457d-98c8-6787ae253f28
2026-07-21 14:37:25,457 [INFO]   [EXPIRÉE] فتح باب الترشيح للمناصب العليا مدير مدرسة علوم المعلوماتالمن... → 2026-06-30
2026-07-21 14:37:25,458 [INFO]   Détails: https://www.emploi-public.ma/ar/%D8%AA%D9%81%D8%A7%D8%B5%D9%8A%D9%84/%D8%A7%D9%84%D9%85%D9%86%D8%A7%D8%B5%D8%A8-%D8%A7%D9%84%D8%B9%D9%84%D9%8A%D8%A7/e1c5923d-7307-42c7-90ed-21db5ce34a49
2026-07-21 14:37:26,705 [INFO]   [EXPIRÉE] فتح باب الترشيح للمناصب العليا منصب مدير تشريعات البنيات الأ... → 2026-06-29
2026-07-21 14:37:26,705 [INFO]   Détails: https://www.emploi-public.ma/ar/%D8%AA%D9%81%D8%A7%D8%B5%D9%8A%D9%84/%D8%A7%D9%84%D9%85%D9%86%D8%A7%D8%B5%D8%A8-%D8%A7%D9%84%D8%B9%D9%84%D9%8A%D8%A7/cb431ce3-c104-457a-b464-8ca3b4a5fe55
2026-07-21 14:37:29,545 [INFO]   [EXPIRÉE] فتح باب الترشيح للمناصب العليا مدير تشريعات الحكامة والحقوق ... → 2026-06-29
2026-07-21 14:37:29,545 [INFO]   Détails: https://www.emploi-public.ma/ar/%D8%AA%D9%81%D8%A7%D8%B5%D9%8A%D9%84/%D8%A7%D9%84%D9%85%D9%86%D8%A7%D8%B5%D8%A8-%D8%A7%D9%84%D8%B9%D9%84%D9%8A%D8%A7/83256c4b-36f7-461e-8579-7dbec3b6aae0
2026-07-21 14:37:30,451 [INFO]   [EXPIRÉE] فتح باب الترشيح للمناصب العليا عميد كلية الطب والصيدلة بالرب... → 2026-06-26
2026-07-21 14:37:30,452 [INFO]   Détails: https://www.emploi-public.ma/ar/%D8%AA%D9%81%D8%A7%D8%B5%D9%8A%D9%84/%D8%A7%D9%84%D9%85%D9%86%D8%A7%D8%B5%D8%A8-%D8%A7%D9%84%D8%B9%D9%84%D9%8A%D8%A7/e1054489-8a0a-4d64-92ab-55a9dbb52ac5
2026-07-21 14:37:31,925 [INFO]   [EXPIRÉE] فتح باب الترشيح للمناصب العليا مدير المدرسة المحمدية للمهندس... → 2026-06-26
2026-07-21 14:37:31,925 [INFO]   Détails: https://www.emploi-public.ma/ar/%D8%AA%D9%81%D8%A7%D8%B5%D9%8A%D9%84/%D8%A7%D9%84%D9%85%D9%86%D8%A7%D8%B5%D8%A8-%D8%A7%D9%84%D8%B9%D9%84%D9%8A%D8%A7/4276b348-5dae-41c9-b638-6ca89ffaf304
2026-07-21 14:37:33,071 [INFO]   [EXPIRÉE] فتح باب الترشيح للمناصب العليا منصب مدير(ة) المركز الجهوي لم... → 2026-06-22
2026-07-21 14:37:33,071 [INFO]   Détails: https://www.emploi-public.ma/ar/%D8%AA%D9%81%D8%A7%D8%B5%D9%8A%D9%84/%D8%A7%D9%84%D9%85%D9%86%D8%A7%D8%B5%D8%A8-%D8%A7%D9%84%D8%B9%D9%84%D9%8A%D8%A7/0f48ee65-4c13-4056-a870-a38f35f26eee
2026-07-21 14:37:34,465 [INFO]   [EXPIRÉE] فتح باب الترشيح للمناصب العليا مدير الانظمة والدراسات التاري... → 2026-06-22
2026-07-21 14:37:34,465 [INFO]   Détails: https://www.emploi-public.ma/ar/%D8%AA%D9%81%D8%A7%D8%B5%D9%8A%D9%84/%D8%A7%D9%84%D9%85%D9%86%D8%A7%D8%B5%D8%A8-%D8%A7%D9%84%D8%B9%D9%84%D9%8A%D8%A7/17544c4c-7a33-48bd-be97-d4e261c4b1ba
2026-07-21 14:37:36,378 [INFO]   [EXPIRÉE] فتح باب الترشيح للمناصب العليا المدير(ة) العام(ة) لتنظيم الح... → 2026-06-19
2026-07-21 14:37:36,378 [INFO]   [DÉJÀ VU] مدير مؤسسة النهوض بالأعمال الاجتماعية لفائدة موظفي وأعوان وز...
2026-07-21 14:37:36,378 [INFO]   [DÉJÀ VU] مدير الشبابوزارة الشباب والثقافة والتواصل - قطاع الشبابالإعل...
2026-07-21 14:37:36,378 [INFO]   [DÉJÀ VU] مدير المعهد العالي للدراسات البحريةوزارة النقل واللوجيستيكال...
2026-07-21 14:37:36,378 [INFO] 
--- Catégorie: المباريات ---
2026-07-21 14:37:36,378 [INFO] Page 1/3
2026-07-21 14:37:36,378 [INFO] Scraping page: https://www.emploi-public.ma/ar/قائمة-المباريات
2026-07-21 14:37:37,640 [INFO]   → 13 annonces trouvées sur cette page
2026-07-21 14:37:37,641 [INFO]   Détails: https://www.emploi-public.ma/ar/%D8%AA%D9%81%D8%A7%D8%B5%D9%8A%D9%84/%D8%A7%D9%84%D9%85%D8%A8%D8%A7%D8%B1%D9%8A%D8%A7%D8%AA/c27ac1df-953a-4b58-a2e2-e273271f18b1
2026-07-21 14:37:38,743 [INFO]   [EN COURS] مباراة لتوظيف مساعد تقني من الدرجة الثانيةوزارة النقل واللوج... → 2026-08-05
2026-07-21 14:37:38,743 [INFO]     → Pas de PDF trouvé
2026-07-21 14:37:38,743 [INFO]   Détails: https://www.emploi-public.ma/ar/%D8%AA%D9%81%D8%A7%D8%B5%D9%8A%D9%84/%D8%A7%D9%84%D9%85%D8%A8%D8%A7%D8%B1%D9%8A%D8%A7%D8%AA/7faff0fb-2922-485a-853e-20b4d81cbc7a
2026-07-21 14:37:39,788 [INFO]   [EN COURS] مباراة لتوظيف أستاذ محاضر من الدرجة أ - سلم 11وزارة الشباب و... → 2026-08-03
2026-07-21 14:37:39,789 [INFO]     → Pas de PDF trouvé
2026-07-21 14:37:39,789 [INFO]   Détails: https://www.emploi-public.ma/ar/%D8%AA%D9%81%D8%A7%D8%B5%D9%8A%D9%84/%D8%A7%D9%84%D9%85%D8%A8%D8%A7%D8%B1%D9%8A%D8%A7%D8%AA/2c15e888-7029-4082-9334-eef194ee5586
2026-07-21 14:37:41,407 [INFO]   [EN COURS] مباراة لتوظيف متصرف من الدرجة الثانية - سلم 11وزارة السياحة ... → 2026-08-03
2026-07-21 14:37:41,408 [INFO]     → Pas de PDF trouvé
2026-07-21 14:37:41,408 [INFO]   Détails: https://www.emploi-public.ma/ar/%D8%AA%D9%81%D8%A7%D8%B5%D9%8A%D9%84/%D8%A7%D9%84%D9%85%D8%A8%D8%A7%D8%B1%D9%8A%D8%A7%D8%AA/d543668b-c808-4ac0-933b-4301237f9f67
2026-07-21 14:37:42,313 [INFO]   [EN COURS] مباراة لتوظيف متصرف من الدرجة الثالثة - سلم 10وزارة الشباب و... → 2026-07-31
2026-07-21 14:37:42,313 [INFO]     → Pas de PDF trouvé
2026-07-21 14:37:42,314 [INFO]   Détails: https://www.emploi-public.ma/ar/%D8%AA%D9%81%D8%A7%D8%B5%D9%8A%D9%84/%D8%A7%D9%84%D9%85%D8%A8%D8%A7%D8%B1%D9%8A%D8%A7%D8%AA/78699344-c4d1-4204-ad40-9749cc0563aa
2026-07-21 14:37:43,333 [INFO]   [EN COURS] مباراة لتوظيف طبيب من الدرجة الأولى - سلم 11وزارة الصحة والح... → 2026-07-23
2026-07-21 14:37:43,333 [INFO]     → Pas de PDF trouvé
2026-07-21 14:37:43,333 [INFO]   Détails: https://www.emploi-public.ma/ar/%D8%AA%D9%81%D8%A7%D8%B5%D9%8A%D9%84/%D8%A7%D9%84%D9%85%D8%A8%D8%A7%D8%B1%D9%8A%D8%A7%D8%AA/b62a7d1c-c399-48cd-ab9f-adca105db22f
2026-07-21 14:37:47,829 [INFO]   [EN COURS] مباراة لتوظيف أستاذ محاضر من الدرجة أ - سلم 11وزارة التضامن ... → 2026-07-21
2026-07-21 14:37:47,829 [INFO]     → Pas de PDF trouvé
2026-07-21 14:37:47,829 [INFO]   Détails: https://www.emploi-public.ma/ar/%D8%AA%D9%81%D8%A7%D8%B5%D9%8A%D9%84/%D8%A7%D9%84%D9%85%D8%A8%D8%A7%D8%B1%D9%8A%D8%A7%D8%AA/dc6005fa-8f1f-418f-baed-64e9caca12f6
2026-07-21 14:37:48,749 [INFO]   [EN COURS] مباراة لتوظيف تقني من الدرجة الثالثة - سلم 9وزارة التضامن وا... → 2026-07-21
2026-07-21 14:37:48,750 [INFO]     → Pas de PDF trouvé
2026-07-21 14:37:48,750 [INFO]   Détails: https://www.emploi-public.ma/ar/%D8%AA%D9%81%D8%A7%D8%B5%D9%8A%D9%84/%D8%A7%D9%84%D9%85%D8%A8%D8%A7%D8%B1%D9%8A%D8%A7%D8%AA/7d4f66b4-2f8c-4dbf-94ea-99d5943a7378
2026-07-21 14:37:49,949 [INFO]   [EN COURS] مباراة لتوظيف متصرف من الدرجة الثالثة - سلم 10وزارة التضامن ... → 2026-07-21
2026-07-21 14:37:49,949 [INFO]     → Pas de PDF trouvé
2026-07-21 14:37:49,949 [INFO]   Détails: https://www.emploi-public.ma/ar/%D8%AA%D9%81%D8%A7%D8%B5%D9%8A%D9%84/%D8%A7%D9%84%D9%85%D8%A8%D8%A7%D8%B1%D9%8A%D8%A7%D8%AA/e372c384-b595-401d-bfa7-77c67af01fbe
2026-07-21 14:37:51,134 [INFO]   [EN COURS] مباراة لتوظيف متصرف من الدرجة الثانية - سلم 11وزارة التضامن ... → 2026-07-21
2026-07-21 14:37:51,134 [INFO]     → Pas de PDF trouvé
2026-07-21 14:37:51,134 [INFO]   Détails: https://www.emploi-public.ma/ar/%D8%AA%D9%81%D8%A7%D8%B5%D9%8A%D9%84/%D8%A7%D9%84%D9%85%D8%A8%D8%A7%D8%B1%D9%8A%D8%A7%D8%AA/4e7cb4da-1ddf-4e12-83f6-487166077fca
2026-07-21 14:37:51,987 [INFO]   [EN COURS] اطار في الموارد البشرية2 أيام متبقيةالوكالة الوطنية للموانئا... → 2026-07-22
2026-07-21 14:37:51,987 [INFO]     → Pas de PDF trouvé
2026-07-21 14:37:51,987 [INFO]   Détails: https://www.emploi-public.ma/ar/%D8%AA%D9%81%D8%A7%D8%B5%D9%8A%D9%84/%D8%A7%D9%84%D9%85%D8%A8%D8%A7%D8%B1%D9%8A%D8%A7%D8%AA/5f1ca851-8ef5-4b06-a1e5-080d83810895
2026-07-21 14:37:52,883 [INFO]   [EN COURS] إطار في تدبير أمن الأنظمة المعلوماتية2 أيام متبقيةالوكالة ال... → 2026-07-22
2026-07-21 14:37:52,883 [INFO]     → Pas de PDF trouvé
2026-07-21 14:37:52,883 [INFO]   Détails: https://www.emploi-public.ma/ar/%D8%AA%D9%81%D8%A7%D8%B5%D9%8A%D9%84/%D8%A7%D9%84%D9%85%D8%A8%D8%A7%D8%B1%D9%8A%D8%A7%D8%AA/d6eb3aaa-0baf-4fd2-914f-19d951f0caa6
2026-07-21 14:37:54,187 [INFO]   [EN COURS] مساعد(ة) إداري(ة)2 أيام متبقيةالوكالة الوطنية للموانئالإعلان... → 2026-07-22
2026-07-21 14:37:54,187 [INFO]     → Pas de PDF trouvé
2026-07-21 14:37:54,187 [INFO]   Détails: https://www.emploi-public.ma/ar/%D8%AA%D9%81%D8%A7%D8%B5%D9%8A%D9%84/%D8%A7%D9%84%D9%85%D8%A8%D8%A7%D8%B1%D9%8A%D8%A7%D8%AA/9e40f622-678b-4229-a98b-b6490aff48ce
2026-07-21 14:37:55,105 [INFO]   [EN COURS] إطار عالي Chargé(e) de Contentieux2 أيام متبقيةصندوق الإيداع... → 2026-07-23
2026-07-21 14:37:55,105 [INFO]     → Pas de PDF trouvé
2026-07-21 14:37:55,105 [INFO] Page 2/3
2026-07-21 14:37:55,105 [INFO] Scraping page: https://www.emploi-public.ma/ar/قائمة-المباريات?page=1
2026-07-21 14:37:57,080 [INFO]   → 13 annonces trouvées sur cette page
2026-07-21 14:37:57,081 [INFO]   [DÉJÀ VU] مباراة لتوظيف مساعد تقني من الدرجة الثانيةوزارة النقل واللوج...
2026-07-21 14:37:57,081 [INFO]   [DÉJÀ VU] مباراة لتوظيف أستاذ محاضر من الدرجة أ - سلم 11وزارة الشباب و...
2026-07-21 14:37:57,081 [INFO]   [DÉJÀ VU] مباراة لتوظيف متصرف من الدرجة الثانية - سلم 11وزارة السياحة ...
2026-07-21 14:37:57,081 [INFO]   [DÉJÀ VU] مباراة لتوظيف متصرف من الدرجة الثالثة - سلم 10وزارة الشباب و...
2026-07-21 14:37:57,081 [INFO]   [DÉJÀ VU] مباراة لتوظيف طبيب من الدرجة الأولى - سلم 11وزارة الصحة والح...
2026-07-21 14:37:57,082 [INFO]   [DÉJÀ VU] مباراة لتوظيف أستاذ محاضر من الدرجة أ - سلم 11وزارة التضامن ...
2026-07-21 14:37:57,082 [INFO]   [DÉJÀ VU] مباراة لتوظيف تقني من الدرجة الثالثة - سلم 9وزارة التضامن وا...
2026-07-21 14:37:57,082 [INFO]   [DÉJÀ VU] مباراة لتوظيف متصرف من الدرجة الثالثة - سلم 10وزارة التضامن ...
2026-07-21 14:37:57,082 [INFO]   [DÉJÀ VU] مباراة لتوظيف متصرف من الدرجة الثانية - سلم 11وزارة التضامن ...
2026-07-21 14:37:57,082 [INFO]   [DÉJÀ VU] اطار في الموارد البشرية2 أيام متبقيةالوكالة الوطنية للموانئا...
2026-07-21 14:37:57,082 [INFO]   [DÉJÀ VU] إطار في تدبير أمن الأنظمة المعلوماتية2 أيام متبقيةالوكالة ال...
2026-07-21 14:37:57,082 [INFO]   [DÉJÀ VU] مساعد(ة) إداري(ة)2 أيام متبقيةالوكالة الوطنية للموانئالإعلان...
2026-07-21 14:37:57,082 [INFO]   [DÉJÀ VU] إطار عالي Chargé(e) de Contentieux2 أيام متبقيةصندوق الإيداع...
2026-07-21 14:37:57,082 [INFO] Page 3/3
2026-07-21 14:37:57,082 [INFO] Scraping page: https://www.emploi-public.ma/ar/قائمة-المباريات?page=2
2026-07-21 14:37:58,726 [INFO]   → 13 annonces trouvées sur cette page
2026-07-21 14:37:58,727 [INFO]   Détails: https://www.emploi-public.ma/ar/%D8%AA%D9%81%D8%A7%D8%B5%D9%8A%D9%84/%D8%A7%D9%84%D9%85%D8%A8%D8%A7%D8%B1%D9%8A%D8%A7%D8%AA/606d3ff2-2e7a-4174-9d74-713c58402b8a
2026-07-21 14:38:00,786 [INFO]   [EN COURS] مباراة لتوظيف طبيب من الدرجة الأولى - سلم 11وزارة الصحة والح... → 2026-07-21
2026-07-21 14:38:00,786 [INFO]     → Pas de PDF trouvé
2026-07-21 14:38:00,787 [INFO]   Détails: https://www.emploi-public.ma/ar/%D8%AA%D9%81%D8%A7%D8%B5%D9%8A%D9%84/%D8%A7%D9%84%D9%85%D8%A8%D8%A7%D8%B1%D9%8A%D8%A7%D8%AA/9740d64c-8b1b-47b8-abe8-00b3575d4aa9
2026-07-21 14:38:01,897 [INFO]   [EXPIRÉE] مباراة لتوظيف مهندس دولة من الدرجة الأولى - سلم 11وزارة الفل... → 2026-07-20
2026-07-21 14:38:01,897 [INFO]   Détails: https://www.emploi-public.ma/ar/%D8%AA%D9%81%D8%A7%D8%B5%D9%8A%D9%84/%D8%A7%D9%84%D9%85%D8%A8%D8%A7%D8%B1%D9%8A%D8%A7%D8%AA/b89b6b38-795f-49af-9d00-910305760e85
2026-07-21 14:38:09,155 [INFO]   [EXPIRÉE] مباراة لتوظيف متصرف من الدرجة الثانية - سلم 11وزارة الفلاحة ... → 2026-07-20
2026-07-21 14:38:09,156 [INFO]   Détails: https://www.emploi-public.ma/ar/%D8%AA%D9%81%D8%A7%D8%B5%D9%8A%D9%84/%D8%A7%D9%84%D9%85%D8%A8%D8%A7%D8%B1%D9%8A%D8%A7%D8%AA/f33919ef-c4a4-41c0-9927-744882ec1140
2026-07-21 14:38:11,625 [INFO]   [EXPIRÉE] مباراة لتوظيف تقني من الدرجة الثالثة - سلم 9وزارة الفلاحة وا... → 2026-07-20
2026-07-21 14:38:11,625 [INFO]   Détails: https://www.emploi-public.ma/ar/%D8%AA%D9%81%D8%A7%D8%B5%D9%8A%D9%84/%D8%A7%D9%84%D9%85%D8%A8%D8%A7%D8%B1%D9%8A%D8%A7%D8%AA/00afdf47-67cd-4c3b-910d-295480956c45
2026-07-21 14:38:14,429 [INFO]   [EXPIRÉE] مباراة لتوظيف متصرف من الدرجة الثالثة - سلم 10وزارة الفلاحة ... → 2026-07-20
2026-07-21 14:38:14,429 [INFO]   Détails: https://www.emploi-public.ma/ar/%D8%AA%D9%81%D8%A7%D8%B5%D9%8A%D9%84/%D8%A7%D9%84%D9%85%D8%A8%D8%A7%D8%B1%D9%8A%D8%A7%D8%AA/0c6baf5e-be9d-4ef5-a8f7-b9044cf640d5
2026-07-21 14:38:17,154 [INFO]   [EXPIRÉE] لائحة المدعوين لإجراء الاختبار الكتابي لمباراة توظيف جراح أس... → 2026-07-15
2026-07-21 14:38:17,154 [INFO]   Détails: https://www.emploi-public.ma/ar/%D8%AA%D9%81%D8%A7%D8%B5%D9%8A%D9%84/%D8%A7%D9%84%D9%85%D8%A8%D8%A7%D8%B1%D9%8A%D8%A7%D8%AA/c6303b4c-114c-4b25-b6c5-eca77cba3dad
2026-07-21 14:38:18,332 [INFO]   [EXPIRÉE] لائحة المدعوين لإجراء الاختبار الكتابي لمباراة توظيف صيدلي م... → 2026-07-15
2026-07-21 14:38:18,332 [INFO]   Détails: https://www.emploi-public.ma/ar/%D8%AA%D9%81%D8%A7%D8%B5%D9%8A%D9%84/%D8%A7%D9%84%D9%85%D8%A8%D8%A7%D8%B1%D9%8A%D8%A7%D8%AA/1f901e2f-de1d-4110-874d-d5d890119e69
2026-07-21 14:38:19,343 [INFO]   [EXPIRÉE] لائحة المدعوين لإجراء الاختبار الكتابي لمباراة توظيف طبيب من... → 2026-07-15
2026-07-21 14:38:19,343 [INFO]   Détails: https://www.emploi-public.ma/ar/%D8%AA%D9%81%D8%A7%D8%B5%D9%8A%D9%84/%D8%A7%D9%84%D9%85%D8%A8%D8%A7%D8%B1%D9%8A%D8%A7%D8%AA/c83d70e2-ec18-4f3b-b97f-03d080ad762a
2026-07-21 14:38:20,344 [INFO]   [EXPIRÉE] لائحة المدعوين لإجراء الاختبار الكتابي لمباراة توظيف تقني من... → 2026-07-14
2026-07-21 14:38:20,345 [INFO]   [DÉJÀ VU] اطار في الموارد البشرية2 أيام متبقيةالوكالة الوطنية للموانئا...
2026-07-21 14:38:20,345 [INFO]   [DÉJÀ VU] إطار في تدبير أمن الأنظمة المعلوماتية2 أيام متبقيةالوكالة ال...
2026-07-21 14:38:20,345 [INFO]   [DÉJÀ VU] مساعد(ة) إداري(ة)2 أيام متبقيةالوكالة الوطنية للموانئالإعلان...
2026-07-21 14:38:20,345 [INFO]   [DÉJÀ VU] إطار عالي Chargé(e) de Contentieux2 أيام متبقيةصندوق الإيداع...
2026-07-21 14:38:20,345 [INFO] 
--- Catégorie: تشغيل الخبراء ---
2026-07-21 14:38:20,345 [INFO] Page 1/3
2026-07-21 14:38:20,345 [INFO] Scraping page: https://www.emploi-public.ma/ar/قائمة-تشغيل-الخبراء
2026-07-21 14:38:26,382 [INFO]   → 9 annonces trouvées sur cette page
2026-07-21 14:38:26,383 [INFO]   Détails: https://www.emploi-public.ma/ar/%D8%AA%D9%81%D8%A7%D8%B5%D9%8A%D9%84/%D8%AA%D8%B4%D8%BA%D9%8A%D9%84-%D8%A7%D9%84%D8%AE%D8%A8%D8%B1%D8%A7%D8%A1/ff8d6494-748d-4698-8ef0-676cbd5b1951
2026-07-21 14:38:27,355 [INFO]   [EXPIRÉE] فتح باب الترشيح لمنصب خبير في الشؤون القانونيةوزارة الفلاحة ... → 2026-06-25
2026-07-21 14:38:27,356 [INFO]   Détails: https://www.emploi-public.ma/ar/%D8%AA%D9%81%D8%A7%D8%B5%D9%8A%D9%84/%D8%AA%D8%B4%D8%BA%D9%8A%D9%84-%D8%A7%D9%84%D8%AE%D8%A8%D8%B1%D8%A7%D8%A1/abce4b98-a1d8-48f9-a84c-053f53697154
2026-07-21 14:38:28,259 [INFO]   [EXPIRÉE] فتح باب الترشيح لمنصب خبيروزارة الداخليةالإعلانآخر أجل لإيدا... → 2026-06-15
2026-07-21 14:38:28,260 [INFO]   Détails: https://www.emploi-public.ma/ar/%D8%AA%D9%81%D8%A7%D8%B5%D9%8A%D9%84/%D8%AA%D8%B4%D8%BA%D9%8A%D9%84-%D8%A7%D9%84%D8%AE%D8%A8%D8%B1%D8%A7%D8%A1/5030f678-19f4-4bc0-96c6-f5462b134c1c
2026-07-21 14:38:29,722 [INFO]   [EXPIRÉE] فتح باب الترشيح لمنصب خبيروزارة الداخليةالإعلانآخر أجل لإيدا... → 2026-06-08
2026-07-21 14:38:29,723 [INFO]   Détails: https://www.emploi-public.ma/ar/%D8%AA%D9%81%D8%A7%D8%B5%D9%8A%D9%84/%D8%AA%D8%B4%D8%BA%D9%8A%D9%84-%D8%A7%D9%84%D8%AE%D8%A8%D8%B1%D8%A7%D8%A1/b0a97522-0c72-4a26-8b32-da0c02e79891
2026-07-21 14:38:30,583 [INFO]   [EXPIRÉE] فتح باب الترشيح لمنصب خبير متعاقدوزارة السياحة والصناعة التق... → 2026-06-03
2026-07-21 14:38:30,583 [INFO]   Détails: https://www.emploi-public.ma/ar/%D8%AA%D9%81%D8%A7%D8%B5%D9%8A%D9%84/%D8%AA%D8%B4%D8%BA%D9%8A%D9%84-%D8%A7%D9%84%D8%AE%D8%A8%D8%B1%D8%A7%D8%A1/b3f7145b-9f2a-4cb4-aef7-1d917c679a65
2026-07-21 14:38:31,492 [INFO]   [EXPIRÉE] فتح باب الترشيح لمنصب خبيروزارة الداخليةالإعلانآخر أجل لإيدا... → 2026-05-29
2026-07-21 14:38:31,492 [INFO]   Détails: https://www.emploi-public.ma/ar/%D8%AA%D9%81%D8%A7%D8%B5%D9%8A%D9%84/%D8%AA%D8%B4%D8%BA%D9%8A%D9%84-%D8%A7%D9%84%D8%AE%D8%A8%D8%B1%D8%A7%D8%A1/4854b58c-c09e-4edd-9a39-c01a0c414425
2026-07-21 14:38:32,395 [INFO]   [EXPIRÉE] فتح باب الترشيح لمنصب خبير في مجال الملاحة التجاريةوزارة الن... → 2026-04-12
2026-07-21 14:38:32,395 [INFO]   Détails: https://www.emploi-public.ma/ar/%D8%AA%D9%81%D8%A7%D8%B5%D9%8A%D9%84/%D8%AA%D8%B4%D8%BA%D9%8A%D9%84-%D8%A7%D9%84%D8%AE%D8%A8%D8%B1%D8%A7%D8%A1/d9255cd9-fe2e-4248-8eba-adf58b668823
2026-07-21 14:38:33,270 [INFO]   [EXPIRÉE] فتح باب الترشيح لمنصب خبير في مجال التفاوض والسياسة التجارية... → 2026-04-03
2026-07-21 14:38:33,270 [INFO]   Détails: https://www.emploi-public.ma/ar/%D8%AA%D9%81%D8%A7%D8%B5%D9%8A%D9%84/%D8%AA%D8%B4%D8%BA%D9%8A%D9%84-%D8%A7%D9%84%D8%AE%D8%A8%D8%B1%D8%A7%D8%A1/0236914d-e17c-41c5-a5be-e632ad35f838
2026-07-21 14:38:34,317 [INFO]   [EXPIRÉE] فتح باب الترشيح لمنصب خبيروزارة الداخليةالإعلانآخر أجل لإيدا... → 2026-03-17
2026-07-21 14:38:34,317 [INFO]   Détails: https://www.emploi-public.ma/ar/%D8%AA%D9%81%D8%A7%D8%B5%D9%8A%D9%84/%D8%AA%D8%B4%D8%BA%D9%8A%D9%84-%D8%A7%D9%84%D8%AE%D8%A8%D8%B1%D8%A7%D8%A1/2a449c40-1832-450d-9eae-a70607bcac07
2026-07-21 14:38:35,301 [INFO]   [EXPIRÉE] فتح باب الترشيح لمنصب خبيروزارة الشباب والثقافة والتواصل - ق... → 2026-03-16
2026-07-21 14:38:35,302 [INFO] Page 2/3
2026-07-21 14:38:35,302 [INFO] Scraping page: https://www.emploi-public.ma/ar/قائمة-تشغيل-الخبراء?page=1
2026-07-21 14:38:36,251 [INFO]   → 9 annonces trouvées sur cette page
2026-07-21 14:38:36,252 [INFO]   [DÉJÀ VU] فتح باب الترشيح لمنصب خبير في الشؤون القانونيةوزارة الفلاحة ...
2026-07-21 14:38:36,252 [INFO]   [DÉJÀ VU] فتح باب الترشيح لمنصب خبيروزارة الداخليةالإعلانآخر أجل لإيدا...
2026-07-21 14:38:36,252 [INFO]   [DÉJÀ VU] فتح باب الترشيح لمنصب خبيروزارة الداخليةالإعلانآخر أجل لإيدا...
2026-07-21 14:38:36,253 [INFO]   [DÉJÀ VU] فتح باب الترشيح لمنصب خبير متعاقدوزارة السياحة والصناعة التق...
2026-07-21 14:38:36,253 [INFO]   [DÉJÀ VU] فتح باب الترشيح لمنصب خبيروزارة الداخليةالإعلانآخر أجل لإيدا...
2026-07-21 14:38:36,253 [INFO]   [DÉJÀ VU] فتح باب الترشيح لمنصب خبير في مجال الملاحة التجاريةوزارة الن...
2026-07-21 14:38:36,253 [INFO]   [DÉJÀ VU] فتح باب الترشيح لمنصب خبير في مجال التفاوض والسياسة التجارية...
2026-07-21 14:38:36,253 [INFO]   [DÉJÀ VU] فتح باب الترشيح لمنصب خبيروزارة الداخليةالإعلانآخر أجل لإيدا...
2026-07-21 14:38:36,253 [INFO]   [DÉJÀ VU] فتح باب الترشيح لمنصب خبيروزارة الشباب والثقافة والتواصل - ق...
2026-07-21 14:38:36,253 [INFO] Page 3/3
2026-07-21 14:38:36,253 [INFO] Scraping page: https://www.emploi-public.ma/ar/قائمة-تشغيل-الخبراء?page=2
2026-07-21 14:38:37,367 [INFO]   → 9 annonces trouvées sur cette page
2026-07-21 14:38:37,368 [INFO]   Détails: https://www.emploi-public.ma/ar/%D8%AA%D9%81%D8%A7%D8%B5%D9%8A%D9%84/%D8%AA%D8%B4%D8%BA%D9%8A%D9%84-%D8%A7%D9%84%D8%AE%D8%A8%D8%B1%D8%A7%D8%A1/1f2e38a5-0fe9-4f17-89fb-d23ab9140242
2026-07-21 14:38:38,343 [INFO]   [EXPIRÉE] فتح باب الترشيح لمنصب خبير في المجالات المرتبطة بتطوير آليات... → 2026-03-12
2026-07-21 14:38:38,344 [INFO]   Détails: https://www.emploi-public.ma/ar/%D8%AA%D9%81%D8%A7%D8%B5%D9%8A%D9%84/%D8%AA%D8%B4%D8%BA%D9%8A%D9%84-%D8%A7%D9%84%D8%AE%D8%A8%D8%B1%D8%A7%D8%A1/2401abad-8177-4fdc-8c76-354d03f61cd3
2026-07-21 14:38:39,236 [INFO]   [EXPIRÉE] فتح باب الترشيح لمنصب خبيروزارة الداخليةالإعلانآخر أجل لإيدا... → 2026-02-18
2026-07-21 14:38:39,236 [INFO]   Détails: https://www.emploi-public.ma/ar/%D8%AA%D9%81%D8%A7%D8%B5%D9%8A%D9%84/%D8%AA%D8%B4%D8%BA%D9%8A%D9%84-%D8%A7%D9%84%D8%AE%D8%A8%D8%B1%D8%A7%D8%A1/ad16f9e2-25eb-4a06-9a7a-572410c14d55
2026-07-21 14:38:42,191 [INFO]   [EXPIRÉE] فتح باب الترشيح لمنصب خبير في مجال حكامة المؤسسات والمنشآت ا... → 2025-12-23
2026-07-21 14:38:42,191 [INFO]   Détails: https://www.emploi-public.ma/ar/%D8%AA%D9%81%D8%A7%D8%B5%D9%8A%D9%84/%D8%AA%D8%B4%D8%BA%D9%8A%D9%84-%D8%A7%D9%84%D8%AE%D8%A8%D8%B1%D8%A7%D8%A1/302ab5a1-fa28-4ec1-9341-8ba50b6bf810
2026-07-21 14:38:43,483 [INFO]   [EXPIRÉE] فتح باب الترشيح لمنصب خبير بموجب عقدوزارة الصحة والحماية الا... → 2025-12-21
2026-07-21 14:38:43,483 [INFO]   Détails: https://www.emploi-public.ma/ar/%D8%AA%D9%81%D8%A7%D8%B5%D9%8A%D9%84/%D8%AA%D8%B4%D8%BA%D9%8A%D9%84-%D8%A7%D9%84%D8%AE%D8%A8%D8%B1%D8%A7%D8%A1/f9f74e66-af9e-4c4a-9cec-491e7d25fbbb
2026-07-21 14:38:44,471 [INFO]   [EXPIRÉE] لائحة الناجحين لمنصب خبير في مجال التقييم ومنح التراخيصالوكا... → 2025-12-06
2026-07-21 14:38:44,471 [INFO]   Détails: https://www.emploi-public.ma/ar/%D8%AA%D9%81%D8%A7%D8%B5%D9%8A%D9%84/%D8%AA%D8%B4%D8%BA%D9%8A%D9%84-%D8%A7%D9%84%D8%AE%D8%A8%D8%B1%D8%A7%D8%A1/99f49e97-4b0e-4897-b1c6-a1a811d179d9
2026-07-21 14:38:45,337 [INFO]   [EXPIRÉE] لائحة الناجحين لمنصب خبيرفي مجال مراقبة الجودة الدوائيةالوكا... → 2025-12-06
2026-07-21 14:38:45,337 [INFO]   Détails: https://www.emploi-public.ma/ar/%D8%AA%D9%81%D8%A7%D8%B5%D9%8A%D9%84/%D8%AA%D8%B4%D8%BA%D9%8A%D9%84-%D8%A7%D9%84%D8%AE%D8%A8%D8%B1%D8%A7%D8%A1/121493c9-78d8-44bf-b408-e42f8bf43d27
2026-07-21 14:38:46,200 [INFO]   [EXPIRÉE] فتح باب الترشيح لمنصب خبير في التنسيق المؤسساتي والتعاون الد... → 2025-12-05
2026-07-21 14:38:46,201 [INFO]   Détails: https://www.emploi-public.ma/ar/%D8%AA%D9%81%D8%A7%D8%B5%D9%8A%D9%84/%D8%AA%D8%B4%D8%BA%D9%8A%D9%84-%D8%A7%D9%84%D8%AE%D8%A8%D8%B1%D8%A7%D8%A1/336eb4a9-c147-4981-94da-c636a748f7a0
2026-07-21 14:38:47,175 [INFO]   [EXPIRÉE] لائحة الناجحين لمنصب خبير مكلف بقيادة إنجاز دراسات وأشغال مل... → 2025-09-30
2026-07-21 14:38:47,175 [INFO]   Détails: https://www.emploi-public.ma/ar/%D8%AA%D9%81%D8%A7%D8%B5%D9%8A%D9%84/%D8%AA%D8%B4%D8%BA%D9%8A%D9%84-%D8%A7%D9%84%D8%AE%D8%A8%D8%B1%D8%A7%D8%A1/0917753f-ac81-4229-b8d4-5292cae1510a
2026-07-21 14:38:48,167 [INFO]   [EXPIRÉE] فتح باب الترشيح لمنصب خبير بموجب عقدوزارة الصناعة والتجارةال... → 2025-06-11
2026-07-21 14:38:48,167 [INFO] 
============================================================
2026-07-21 14:38:48,167 [INFO] RÉSUMÉ
2026-07-21 14:38:48,167 [INFO] ============================================================
2026-07-21 14:38:48,168 [INFO] Annonces traitées: 135
2026-07-21 14:38:48,168 [INFO] Dates en cours: 32
2026-07-21 14:38:48,168 [INFO] Dates expirées: 48
2026-07-21 14:38:48,168 [INFO] PDF lus: 0
2026-07-21 14:38:48,168 [INFO] Match région: 0
2026-07-21 14:38:48,168 [INFO] Nouveaux résultats: 0
2026-07-21 14:38:48,168 [INFO] Total résultats en base: 0
2026-07-21 14:38:49,315 [ERROR] Erreur envoi email: (535, b'5.7.8 Username and Password not accepted. For more information, go to\n5.7.8  https://support.google.com/mail/?p=BadCredentials 5a478bee46e88-31429f9d444sm55805541eec.6 - gsmtp')
2026-07-21 14:38:49,315 [INFO] 
Scraper terminé.
2026-07-21 15:46:00,055 [INFO] ============================================================
2026-07-21 15:46:00,055 [INFO] DÉMARRAGE DU SCRAPER emploi-public.ma
2026-07-21 15:46:00,055 [INFO] Date: 2026-07-21 15:46:00
2026-07-21 15:46:00,055 [INFO] ============================================================
2026-07-21 15:46:00,056 [INFO] Annonces déjà traitées: 80
2026-07-21 15:46:00,056 [INFO] 
--- Catégorie: مناصب المسؤولية ---
2026-07-21 15:46:00,056 [INFO] Page 1/3
2026-07-21 15:46:00,056 [INFO] Scraping page: https://www.emploi-public.ma/ar/قائمة-مناصب-المسؤولية
2026-07-21 15:46:00,921 [INFO]   → 13 annonces trouvées sur cette page
2026-07-21 15:46:00,922 [INFO]   [DÉJÀ VU] لائحة الناجحين في مناصب المسؤولية ب وزارة التجهيز والماءوزار...
2026-07-21 15:46:00,923 [INFO]   [DÉJÀ VU] فتح باب الترشيح ل مناصب المسؤولية ب المجلس الوطني لحقوق الإن...
2026-07-21 15:46:00,923 [INFO]   [DÉJÀ VU] لائحة المدعوين لاجتياز اختبار الترشيح ل مناصب المسؤولية ب ال...
2026-07-21 15:46:00,923 [INFO]   [DÉJÀ VU] لائحة الناجحين في مناصب المسؤولية ب وزارة التجهيز والماءوزار...
2026-07-21 15:46:00,923 [INFO]   [DÉJÀ VU] لائحة الناجحين في مناصب المسؤولية ب وزارة الداخلية -عمالة مر...
2026-07-21 15:46:00,923 [INFO]   [DÉJÀ VU] فتح باب الترشيح ل مناصب المسؤولية ب المندوبية العامة لإدارة ...
2026-07-21 15:46:00,923 [INFO]   [DÉJÀ VU] فتح باب الترشيح ل مناصب المسؤولية ب وزارة الشباب والثقافة وا...
2026-07-21 15:46:00,923 [INFO]   [DÉJÀ VU] فتح باب الترشيح ل مناصب المسؤولية ب وزارة الداخلية - عمالة ا...
2026-07-21 15:46:00,923 [INFO]   [DÉJÀ VU] فتح باب الترشيح ل مناصب المسؤولية ب وزارة الشباب والثقافة وا...
2026-07-21 15:46:00,923 [INFO]   [DÉJÀ VU] رئيس قسم الملاحة الجوية بمطار وجدة أنجادالمكتب الوطني للمطار...
2026-07-21 15:46:00,923 [INFO]   [DÉJÀ VU] رئيس قسم الملاحة الجوية بمطار طنجة ابن بطوطةالمكتب الوطني لل...
2026-07-21 15:46:00,923 [INFO]   [DÉJÀ VU] رئيس قسم الغرفة التقنية لمركز مراقبة المنطقة بأكادير بقطب ال...
2026-07-21 15:46:00,923 [INFO]   [DÉJÀ VU] رئيس قسم التدريب لمركز مراقبة المنطقة بأكادير  بقطب الملاحة ...
2026-07-21 15:46:00,923 [INFO] Page 2/3
2026-07-21 15:46:00,923 [INFO] Scraping page: https://www.emploi-public.ma/ar/قائمة-مناصب-المسؤولية?page=1
2026-07-21 15:46:05,232 [INFO]   → 13 annonces trouvées sur cette page
2026-07-21 15:46:05,233 [INFO]   [DÉJÀ VU] لائحة الناجحين في مناصب المسؤولية ب وزارة التجهيز والماءوزار...
2026-07-21 15:46:05,234 [INFO]   [DÉJÀ VU] فتح باب الترشيح ل مناصب المسؤولية ب المجلس الوطني لحقوق الإن...
2026-07-21 15:46:05,234 [INFO]   [DÉJÀ VU] لائحة المدعوين لاجتياز اختبار الترشيح ل مناصب المسؤولية ب ال...
2026-07-21 15:46:05,234 [INFO]   [DÉJÀ VU] لائحة الناجحين في مناصب المسؤولية ب وزارة التجهيز والماءوزار...
2026-07-21 15:46:05,234 [INFO]   [DÉJÀ VU] لائحة الناجحين في مناصب المسؤولية ب وزارة الداخلية -عمالة مر...
2026-07-21 15:46:05,234 [INFO]   [DÉJÀ VU] فتح باب الترشيح ل مناصب المسؤولية ب المندوبية العامة لإدارة ...
2026-07-21 15:46:05,234 [INFO]   [DÉJÀ VU] فتح باب الترشيح ل مناصب المسؤولية ب وزارة الشباب والثقافة وا...
2026-07-21 15:46:05,234 [INFO]   [DÉJÀ VU] فتح باب الترشيح ل مناصب المسؤولية ب وزارة الداخلية - عمالة ا...
2026-07-21 15:46:05,234 [INFO]   [DÉJÀ VU] فتح باب الترشيح ل مناصب المسؤولية ب وزارة الشباب والثقافة وا...
2026-07-21 15:46:05,234 [INFO]   [DÉJÀ VU] رئيس قسم الملاحة الجوية بمطار وجدة أنجادالمكتب الوطني للمطار...
2026-07-21 15:46:05,234 [INFO]   [DÉJÀ VU] رئيس قسم الملاحة الجوية بمطار طنجة ابن بطوطةالمكتب الوطني لل...
2026-07-21 15:46:05,234 [INFO]   [DÉJÀ VU] رئيس قسم الغرفة التقنية لمركز مراقبة المنطقة بأكادير بقطب ال...
2026-07-21 15:46:05,234 [INFO]   [DÉJÀ VU] رئيس قسم التدريب لمركز مراقبة المنطقة بأكادير  بقطب الملاحة ...
2026-07-21 15:46:05,234 [INFO] Page 3/3
2026-07-21 15:46:05,234 [INFO] Scraping page: https://www.emploi-public.ma/ar/قائمة-مناصب-المسؤولية?page=2
2026-07-21 15:46:06,116 [INFO]   → 13 annonces trouvées sur cette page
2026-07-21 15:46:06,117 [INFO]   [DÉJÀ VU] فتح باب الترشيح ل مناصب المسؤولية ب وزارة الشباب والثقافة وا...
2026-07-21 15:46:06,117 [INFO]   [DÉJÀ VU] فتح باب الترشيح ل مناصب المسؤولية ب وزارة الشباب والثقافة وا...
2026-07-21 15:46:06,117 [INFO]   [DÉJÀ VU] فتح باب الترشيح ل مناصب المسؤولية ب وزارة الشباب والثقافة وا...
2026-07-21 15:46:06,117 [INFO]   [DÉJÀ VU] فتح باب الترشيح ل مناصب المسؤولية ب وزارة الشباب والثقافة وا...
2026-07-21 15:46:06,117 [INFO]   [DÉJÀ VU] لائحة المدعوين لاجتياز اختبار الترشيح ل مناصب المسؤولية ب وز...
2026-07-21 15:46:06,117 [INFO]   [DÉJÀ VU] فتح باب الترشيح ل مناصب المسؤولية ب وزارة الاقتصاد والماليةو...
2026-07-21 15:46:06,117 [INFO]   [DÉJÀ VU] فتح باب الترشيح ل مناصب المسؤولية ب وزارة الداخلية -عمالة إق...
2026-07-21 15:46:06,117 [INFO]   [DÉJÀ VU] لائحة المدعوين لاجتياز اختبار الترشيح ل مناصب المسؤولية ب ال...
2026-07-21 15:46:06,117 [INFO]   [DÉJÀ VU] فتح باب الترشيح ل مناصب المسؤولية ب وزارة التجهيز والماءوزار...
2026-07-21 15:46:06,117 [INFO]   [DÉJÀ VU] رئيس قسم الملاحة الجوية بمطار وجدة أنجادالمكتب الوطني للمطار...
2026-07-21 15:46:06,117 [INFO]   [DÉJÀ VU] رئيس قسم الملاحة الجوية بمطار طنجة ابن بطوطةالمكتب الوطني لل...
2026-07-21 15:46:06,117 [INFO]   [DÉJÀ VU] رئيس قسم الغرفة التقنية لمركز مراقبة المنطقة بأكادير بقطب ال...
2026-07-21 15:46:06,117 [INFO]   [DÉJÀ VU] رئيس قسم التدريب لمركز مراقبة المنطقة بأكادير  بقطب الملاحة ...
2026-07-21 15:46:06,118 [INFO] 
--- Catégorie: المناصب العليا ---
2026-07-21 15:46:06,118 [INFO] Page 1/3
2026-07-21 15:46:06,118 [INFO] Scraping page: https://www.emploi-public.ma/ar/قائمة-المناصب-العليا
2026-07-21 15:46:07,063 [INFO]   → 9 annonces trouvées sur cette page
2026-07-21 15:46:07,064 [INFO]   [DÉJÀ VU] فتح باب الترشيح للمناصب العليا مدير الانظمة والدراسات التاري...
2026-07-21 15:46:07,064 [INFO]   [DÉJÀ VU] فتح باب الترشيح للمناصب العليا مدير الشبابوزارة الشباب والثق...
2026-07-21 15:46:07,064 [INFO]   [DÉJÀ VU] فتح باب الترشيح للمناصب العليا مدير مؤسسة النهوض بالأعمال ال...
2026-07-21 15:46:07,064 [INFO]   [DÉJÀ VU] فتح باب الترشيح للمناصب العليا مدير(ة) المركز الوطني للامتحا...
2026-07-21 15:46:07,064 [INFO]   [DÉJÀ VU] فتح باب الترشيح للمناصب العليا مدير المعهد العالي للدراسات ا...
2026-07-21 15:46:07,064 [INFO]   [DÉJÀ VU] فتح باب الترشيح للمناصب العليا مدير إعداد التراب الوطنيوزارة...
2026-07-21 15:46:07,064 [INFO]   [DÉJÀ VU] فتح باب الترشيح للمناصب العليا مدير الوكالة الحضرية للحسيمةو...
2026-07-21 15:46:07,064 [INFO]   [DÉJÀ VU] فتح باب الترشيح للمناصب العليا مدير الوكالة الحضرية للعرائشو...
2026-07-21 15:46:07,064 [INFO]   [DÉJÀ VU] فتح باب الترشيح للمناصب العليا مدير(ة) الشؤون العامةوزارة ال...
2026-07-21 15:46:07,064 [INFO] Page 2/3
2026-07-21 15:46:07,064 [INFO] Scraping page: https://www.emploi-public.ma/ar/قائمة-المناصب-العليا?page=1
2026-07-21 15:46:07,817 [INFO]   → 9 annonces trouvées sur cette page
2026-07-21 15:46:07,818 [INFO]   [DÉJÀ VU] فتح باب الترشيح للمناصب العليا مدير الانظمة والدراسات التاري...
2026-07-21 15:46:07,818 [INFO]   [DÉJÀ VU] فتح باب الترشيح للمناصب العليا مدير الشبابوزارة الشباب والثق...
2026-07-21 15:46:07,818 [INFO]   [DÉJÀ VU] فتح باب الترشيح للمناصب العليا مدير مؤسسة النهوض بالأعمال ال...
2026-07-21 15:46:07,818 [INFO]   [DÉJÀ VU] فتح باب الترشيح للمناصب العليا مدير(ة) المركز الوطني للامتحا...
2026-07-21 15:46:07,818 [INFO]   [DÉJÀ VU] فتح باب الترشيح للمناصب العليا مدير المعهد العالي للدراسات ا...
2026-07-21 15:46:07,818 [INFO]   [DÉJÀ VU] فتح باب الترشيح للمناصب العليا مدير إعداد التراب الوطنيوزارة...
2026-07-21 15:46:07,818 [INFO]   [DÉJÀ VU] فتح باب الترشيح للمناصب العليا مدير الوكالة الحضرية للحسيمةو...
2026-07-21 15:46:07,818 [INFO]   [DÉJÀ VU] فتح باب الترشيح للمناصب العليا مدير الوكالة الحضرية للعرائشو...
2026-07-21 15:46:07,818 [INFO]   [DÉJÀ VU] فتح باب الترشيح للمناصب العليا مدير(ة) الشؤون العامةوزارة ال...
2026-07-21 15:46:07,818 [INFO] Page 3/3
2026-07-21 15:46:07,818 [INFO] Scraping page: https://www.emploi-public.ma/ar/قائمة-المناصب-العليا?page=2
2026-07-21 15:46:08,519 [INFO]   → 12 annonces trouvées sur cette page
2026-07-21 15:46:08,520 [INFO]   [DÉJÀ VU] فتح باب الترشيح للمناصب العليا مدير(ة) المعهد الملكي لتكوين ...
2026-07-21 15:46:08,520 [INFO]   [DÉJÀ VU] فتح باب الترشيح للمناصب العليا مدير مدرسة علوم المعلوماتالمن...
2026-07-21 15:46:08,520 [INFO]   [DÉJÀ VU] فتح باب الترشيح للمناصب العليا منصب مدير تشريعات البنيات الأ...
2026-07-21 15:46:08,520 [INFO]   [DÉJÀ VU] فتح باب الترشيح للمناصب العليا مدير تشريعات الحكامة والحقوق ...
2026-07-21 15:46:08,520 [INFO]   [DÉJÀ VU] فتح باب الترشيح للمناصب العليا عميد كلية الطب والصيدلة بالرب...
2026-07-21 15:46:08,520 [INFO]   [DÉJÀ VU] فتح باب الترشيح للمناصب العليا مدير المدرسة المحمدية للمهندس...
2026-07-21 15:46:08,520 [INFO]   [DÉJÀ VU] فتح باب الترشيح للمناصب العليا منصب مدير(ة) المركز الجهوي لم...
2026-07-21 15:46:08,520 [INFO]   [DÉJÀ VU] فتح باب الترشيح للمناصب العليا مدير الانظمة والدراسات التاري...
2026-07-21 15:46:08,520 [INFO]   [DÉJÀ VU] فتح باب الترشيح للمناصب العليا المدير(ة) العام(ة) لتنظيم الح...
2026-07-21 15:46:08,520 [INFO]   [DÉJÀ VU] مدير مؤسسة النهوض بالأعمال الاجتماعية لفائدة موظفي وأعوان وز...
2026-07-21 15:46:08,520 [INFO]   [DÉJÀ VU] مدير الشبابوزارة الشباب والثقافة والتواصل - قطاع الشبابالإعل...
2026-07-21 15:46:08,520 [INFO]   [DÉJÀ VU] مدير المعهد العالي للدراسات البحريةوزارة النقل واللوجيستيكال...
2026-07-21 15:46:08,520 [INFO] 
--- Catégorie: المباريات ---
2026-07-21 15:46:08,520 [INFO] Page 1/3
2026-07-21 15:46:08,520 [INFO] Scraping page: https://www.emploi-public.ma/ar/قائمة-المباريات
2026-07-21 15:46:10,609 [INFO]   → 13 annonces trouvées sur cette page
2026-07-21 15:46:10,610 [INFO]   [DÉJÀ VU] مباراة لتوظيف مساعد تقني من الدرجة الثانيةوزارة النقل واللوج...
2026-07-21 15:46:10,610 [INFO]   [DÉJÀ VU] مباراة لتوظيف أستاذ محاضر من الدرجة أ - سلم 11وزارة الشباب و...
2026-07-21 15:46:10,610 [INFO]   [DÉJÀ VU] مباراة لتوظيف متصرف من الدرجة الثانية - سلم 11وزارة السياحة ...
2026-07-21 15:46:10,610 [INFO]   [DÉJÀ VU] مباراة لتوظيف متصرف من الدرجة الثالثة - سلم 10وزارة الشباب و...
2026-07-21 15:46:10,611 [INFO]   [DÉJÀ VU] مباراة لتوظيف طبيب من الدرجة الأولى - سلم 11وزارة الصحة والح...
2026-07-21 15:46:10,611 [INFO]   [DÉJÀ VU] مباراة لتوظيف أستاذ محاضر من الدرجة أ - سلم 11وزارة التضامن ...
2026-07-21 15:46:10,611 [INFO]   [DÉJÀ VU] مباراة لتوظيف تقني من الدرجة الثالثة - سلم 9وزارة التضامن وا...
2026-07-21 15:46:10,611 [INFO]   [DÉJÀ VU] مباراة لتوظيف متصرف من الدرجة الثالثة - سلم 10وزارة التضامن ...
2026-07-21 15:46:10,611 [INFO]   [DÉJÀ VU] مباراة لتوظيف متصرف من الدرجة الثانية - سلم 11وزارة التضامن ...
2026-07-21 15:46:10,611 [INFO]   [DÉJÀ VU] اطار في الموارد البشرية2 أيام متبقيةالوكالة الوطنية للموانئا...
2026-07-21 15:46:10,611 [INFO]   [DÉJÀ VU] إطار في تدبير أمن الأنظمة المعلوماتية2 أيام متبقيةالوكالة ال...
2026-07-21 15:46:10,611 [INFO]   [DÉJÀ VU] مساعد(ة) إداري(ة)2 أيام متبقيةالوكالة الوطنية للموانئالإعلان...
2026-07-21 15:46:10,611 [INFO]   [DÉJÀ VU] إطار عالي Chargé(e) de Contentieux2 أيام متبقيةصندوق الإيداع...
2026-07-21 15:46:10,611 [INFO] Page 2/3
2026-07-21 15:46:10,611 [INFO] Scraping page: https://www.emploi-public.ma/ar/قائمة-المباريات?page=1
2026-07-21 15:46:11,553 [INFO]   → 13 annonces trouvées sur cette page
2026-07-21 15:46:11,554 [INFO]   [DÉJÀ VU] مباراة لتوظيف مساعد تقني من الدرجة الثانيةوزارة النقل واللوج...
2026-07-21 15:46:11,554 [INFO]   [DÉJÀ VU] مباراة لتوظيف أستاذ محاضر من الدرجة أ - سلم 11وزارة الشباب و...
2026-07-21 15:46:11,554 [INFO]   [DÉJÀ VU] مباراة لتوظيف متصرف من الدرجة الثانية - سلم 11وزارة السياحة ...
2026-07-21 15:46:11,554 [INFO]   [DÉJÀ VU] مباراة لتوظيف متصرف من الدرجة الثالثة - سلم 10وزارة الشباب و...
2026-07-21 15:46:11,554 [INFO]   [DÉJÀ VU] مباراة لتوظيف طبيب من الدرجة الأولى - سلم 11وزارة الصحة والح...
2026-07-21 15:46:11,554 [INFO]   [DÉJÀ VU] مباراة لتوظيف أستاذ محاضر من الدرجة أ - سلم 11وزارة التضامن ...
2026-07-21 15:46:11,554 [INFO]   [DÉJÀ VU] مباراة لتوظيف تقني من الدرجة الثالثة - سلم 9وزارة التضامن وا...
2026-07-21 15:46:11,554 [INFO]   [DÉJÀ VU] مباراة لتوظيف متصرف من الدرجة الثالثة - سلم 10وزارة التضامن ...
2026-07-21 15:46:11,554 [INFO]   [DÉJÀ VU] مباراة لتوظيف متصرف من الدرجة الثانية - سلم 11وزارة التضامن ...
2026-07-21 15:46:11,554 [INFO]   [DÉJÀ VU] اطار في الموارد البشرية2 أيام متبقيةالوكالة الوطنية للموانئا...
2026-07-21 15:46:11,554 [INFO]   [DÉJÀ VU] إطار في تدبير أمن الأنظمة المعلوماتية2 أيام متبقيةالوكالة ال...
2026-07-21 15:46:11,554 [INFO]   [DÉJÀ VU] مساعد(ة) إداري(ة)2 أيام متبقيةالوكالة الوطنية للموانئالإعلان...
2026-07-21 15:46:11,554 [INFO]   [DÉJÀ VU] إطار عالي Chargé(e) de Contentieux2 أيام متبقيةصندوق الإيداع...
2026-07-21 15:46:11,554 [INFO] Page 3/3
2026-07-21 15:46:11,554 [INFO] Scraping page: https://www.emploi-public.ma/ar/قائمة-المباريات?page=2
2026-07-21 15:46:15,638 [INFO]   → 13 annonces trouvées sur cette page
2026-07-21 15:46:15,639 [INFO]   [DÉJÀ VU] مباراة لتوظيف طبيب من الدرجة الأولى - سلم 11وزارة الصحة والح...
2026-07-21 15:46:15,639 [INFO]   [DÉJÀ VU] مباراة لتوظيف مهندس دولة من الدرجة الأولى - سلم 11وزارة الفل...
2026-07-21 15:46:15,639 [INFO]   [DÉJÀ VU] مباراة لتوظيف متصرف من الدرجة الثانية - سلم 11وزارة الفلاحة ...
2026-07-21 15:46:15,639 [INFO]   [DÉJÀ VU] مباراة لتوظيف تقني من الدرجة الثالثة - سلم 9وزارة الفلاحة وا...
2026-07-21 15:46:15,639 [INFO]   [DÉJÀ VU] مباراة لتوظيف متصرف من الدرجة الثالثة - سلم 10وزارة الفلاحة ...
2026-07-21 15:46:15,639 [INFO]   [DÉJÀ VU] لائحة المدعوين لإجراء الاختبار الكتابي لمباراة توظيف جراح أس...
2026-07-21 15:46:15,639 [INFO]   [DÉJÀ VU] لائحة المدعوين لإجراء الاختبار الكتابي لمباراة توظيف صيدلي م...
2026-07-21 15:46:15,639 [INFO]   [DÉJÀ VU] لائحة المدعوين لإجراء الاختبار الكتابي لمباراة توظيف طبيب من...
2026-07-21 15:46:15,639 [INFO]   [DÉJÀ VU] لائحة المدعوين لإجراء الاختبار الكتابي لمباراة توظيف تقني من...
2026-07-21 15:46:15,639 [INFO]   [DÉJÀ VU] اطار في الموارد البشرية2 أيام متبقيةالوكالة الوطنية للموانئا...
2026-07-21 15:46:15,639 [INFO]   [DÉJÀ VU] إطار في تدبير أمن الأنظمة المعلوماتية2 أيام متبقيةالوكالة ال...
2026-07-21 15:46:15,639 [INFO]   [DÉJÀ VU] مساعد(ة) إداري(ة)2 أيام متبقيةالوكالة الوطنية للموانئالإعلان...
2026-07-21 15:46:15,639 [INFO]   [DÉJÀ VU] إطار عالي Chargé(e) de Contentieux2 أيام متبقيةصندوق الإيداع...
2026-07-21 15:46:15,640 [INFO] 
--- Catégorie: تشغيل الخبراء ---
2026-07-21 15:46:15,640 [INFO] Page 1/3
2026-07-21 15:46:15,640 [INFO] Scraping page: https://www.emploi-public.ma/ar/قائمة-تشغيل-الخبراء
2026-07-21 15:46:19,462 [INFO]   → 9 annonces trouvées sur cette page
2026-07-21 15:46:19,463 [INFO]   [DÉJÀ VU] فتح باب الترشيح لمنصب خبير في الشؤون القانونيةوزارة الفلاحة ...
2026-07-21 15:46:19,463 [INFO]   [DÉJÀ VU] فتح باب الترشيح لمنصب خبيروزارة الداخليةالإعلانآخر أجل لإيدا...
2026-07-21 15:46:19,463 [INFO]   [DÉJÀ VU] فتح باب الترشيح لمنصب خبيروزارة الداخليةالإعلانآخر أجل لإيدا...
2026-07-21 15:46:19,463 [INFO]   [DÉJÀ VU] فتح باب الترشيح لمنصب خبير متعاقدوزارة السياحة والصناعة التق...
2026-07-21 15:46:19,463 [INFO]   [DÉJÀ VU] فتح باب الترشيح لمنصب خبيروزارة الداخليةالإعلانآخر أجل لإيدا...
2026-07-21 15:46:19,463 [INFO]   [DÉJÀ VU] فتح باب الترشيح لمنصب خبير في مجال الملاحة التجاريةوزارة الن...
2026-07-21 15:46:19,463 [INFO]   [DÉJÀ VU] فتح باب الترشيح لمنصب خبير في مجال التفاوض والسياسة التجارية...
2026-07-21 15:46:19,464 [INFO]   [DÉJÀ VU] فتح باب الترشيح لمنصب خبيروزارة الداخليةالإعلانآخر أجل لإيدا...
2026-07-21 15:46:19,464 [INFO]   [DÉJÀ VU] فتح باب الترشيح لمنصب خبيروزارة الشباب والثقافة والتواصل - ق...
2026-07-21 15:46:19,464 [INFO] Page 2/3
2026-07-21 15:46:19,464 [INFO] Scraping page: https://www.emploi-public.ma/ar/قائمة-تشغيل-الخبراء?page=1
2026-07-21 15:46:23,429 [INFO]   → 9 annonces trouvées sur cette page
2026-07-21 15:46:23,430 [INFO]   [DÉJÀ VU] فتح باب الترشيح لمنصب خبير في الشؤون القانونيةوزارة الفلاحة ...
2026-07-21 15:46:23,430 [INFO]   [DÉJÀ VU] فتح باب الترشيح لمنصب خبيروزارة الداخليةالإعلانآخر أجل لإيدا...
2026-07-21 15:46:23,430 [INFO]   [DÉJÀ VU] فتح باب الترشيح لمنصب خبيروزارة الداخليةالإعلانآخر أجل لإيدا...
2026-07-21 15:46:23,430 [INFO]   [DÉJÀ VU] فتح باب الترشيح لمنصب خبير متعاقدوزارة السياحة والصناعة التق...
2026-07-21 15:46:23,430 [INFO]   [DÉJÀ VU] فتح باب الترشيح لمنصب خبيروزارة الداخليةالإعلانآخر أجل لإيدا...
2026-07-21 15:46:23,430 [INFO]   [DÉJÀ VU] فتح باب الترشيح لمنصب خبير في مجال الملاحة التجاريةوزارة الن...
2026-07-21 15:46:23,431 [INFO]   [DÉJÀ VU] فتح باب الترشيح لمنصب خبير في مجال التفاوض والسياسة التجارية...
2026-07-21 15:46:23,431 [INFO]   [DÉJÀ VU] فتح باب الترشيح لمنصب خبيروزارة الداخليةالإعلانآخر أجل لإيدا...
2026-07-21 15:46:23,431 [INFO]   [DÉJÀ VU] فتح باب الترشيح لمنصب خبيروزارة الشباب والثقافة والتواصل - ق...
2026-07-21 15:46:23,431 [INFO] Page 3/3
2026-07-21 15:46:23,431 [INFO] Scraping page: https://www.emploi-public.ma/ar/قائمة-تشغيل-الخبراء?page=2
2026-07-21 15:46:24,371 [INFO]   → 9 annonces trouvées sur cette page
2026-07-21 15:46:24,372 [INFO]   [DÉJÀ VU] فتح باب الترشيح لمنصب خبير في المجالات المرتبطة بتطوير آليات...
2026-07-21 15:46:24,373 [INFO]   [DÉJÀ VU] فتح باب الترشيح لمنصب خبيروزارة الداخليةالإعلانآخر أجل لإيدا...
2026-07-21 15:46:24,373 [INFO]   [DÉJÀ VU] فتح باب الترشيح لمنصب خبير في مجال حكامة المؤسسات والمنشآت ا...
2026-07-21 15:46:24,373 [INFO]   [DÉJÀ VU] فتح باب الترشيح لمنصب خبير بموجب عقدوزارة الصحة والحماية الا...
2026-07-21 15:46:24,373 [INFO]   [DÉJÀ VU] لائحة الناجحين لمنصب خبير في مجال التقييم ومنح التراخيصالوكا...
2026-07-21 15:46:24,373 [INFO]   [DÉJÀ VU] لائحة الناجحين لمنصب خبيرفي مجال مراقبة الجودة الدوائيةالوكا...
2026-07-21 15:46:24,373 [INFO]   [DÉJÀ VU] فتح باب الترشيح لمنصب خبير في التنسيق المؤسساتي والتعاون الد...
2026-07-21 15:46:24,373 [INFO]   [DÉJÀ VU] لائحة الناجحين لمنصب خبير مكلف بقيادة إنجاز دراسات وأشغال مل...
2026-07-21 15:46:24,373 [INFO]   [DÉJÀ VU] فتح باب الترشيح لمنصب خبير بموجب عقدوزارة الصناعة والتجارةال...
2026-07-21 15:46:24,373 [INFO] 
============================================================
2026-07-21 15:46:24,373 [INFO] RÉSUMÉ
2026-07-21 15:46:24,373 [INFO] ============================================================
2026-07-21 15:46:24,373 [INFO] Annonces traitées: 135
2026-07-21 15:46:24,374 [INFO] Dates en cours: 0
2026-07-21 15:46:24,374 [INFO] Dates expirées: 0
2026-07-21 15:46:24,374 [INFO] PDF lus: 0
2026-07-21 15:46:24,374 [INFO] Match région: 0
2026-07-21 15:46:24,374 [INFO] Nouveaux résultats: 0
2026-07-21 15:46:24,374 [INFO] Total résultats en base: 0
2026-07-21 15:46:25,614 [INFO] Email envoyé à cavalkhalid@gmail.com
2026-07-21 15:46:25,614 [INFO] 
Scraper terminé.
